# JRE version: OpenJDK Runtime Environment (8.0_282-b08) (build 1.8.0_282-b08)
# Java VM: OpenJDK 64-Bit Server VM (25.282-b08 mixed mode linux-amd64 compressed oops)
Heap:
 PSYoungGen      total 970240K, used 818618K [0x000000076d380000, 0x00000007ad300000, 0x00000007c0000000)
  eden space 947712K, 84% used [0x000000076d380000,0x000000079dd4ee00,0x00000007a7100000)
  from space 22528K, 98% used [0x00000007abd00000,0x00000007ad29fbb8,0x00000007ad300000)
  to   space 45056K, 0% used [0x00000007a7b00000,0x00000007a7b00000,0x00000007aa700000)
 ParOldGen       total 176128K, used 90428K [0x00000006c7a00000, 0x00000006d2600000, 0x000000076d380000)
  object space 176128K, 51% used [0x00000006c7a00000,0x00000006cd24f340,0x00000006d2600000)
 Metaspace       used 67805K, capacity 68739K, committed 68992K, reserved 1110016K
  class space    used 7556K, capacity 7754K, committed 7808K, reserved 1048576K
GC Heap History (10 events):
Event: 11.132 GC heap before
{Heap before GC invocations=9 (full 2):
 PSYoungGen      total 455680K, used 342579K [0x000000076d380000, 0x000000078bd00000, 0x00000007c0000000)
  eden space 440832K, 77% used [0x000000076d380000,0x000000078220cc88,0x0000000788200000)
  from space 14848K, 0% used [0x0000000789380000,0x0000000789380000,0x000000078a200000)
  to   space 17920K, 0% used [0x0000000788200000,0x0000000788200000,0x0000000789380000)
 ParOldGen       total 121344K, used 27173K [0x00000006c7a00000, 0x00000006cf080000, 0x000000076d380000)
  object space 121344K, 22% used [0x00000006c7a00000,0x00000006c9489770,0x00000006cf080000)
 Metaspace       used 58058K, capacity 58845K, committed 59160K, reserved 1101824K
  class space    used 6475K, capacity 6659K, committed 6784K, reserved 1048576K
Event: 11.154 GC heap after
Heap after GC invocations=9 (full 2):
 PSYoungGen      total 458752K, used 17897K [0x000000076d380000, 0x000000079eb80000, 0x00000007c0000000)
  eden space 440832K, 0% used [0x000000076d380000,0x000000076d380000,0x0000000788200000)
  from space 17920K, 99% used [0x0000000788200000,0x000000078937a4d0,0x0000000789380000)
  to   space 28672K, 0% used [0x000000079cf80000,0x000000079cf80000,0x000000079eb80000)
 ParOldGen       total 121344K, used 44248K [0x00000006c7a00000, 0x00000006cf080000, 0x000000076d380000)
  object space 121344K, 36% used [0x00000006c7a00000,0x00000006ca5362b8,0x00000006cf080000)
 Metaspace       used 58058K, capacity 58845K, committed 59160K, reserved 1101824K
  class space    used 6475K, capacity 6659K, committed 6784K, reserved 1048576K
}
Event: 11.154 GC heap before
{Heap before GC invocations=10 (full 3):
 PSYoungGen      total 458752K, used 17897K [0x000000076d380000, 0x000000079eb80000, 0x00000007c0000000)
  eden space 440832K, 0% used [0x000000076d380000,0x000000076d380000,0x0000000788200000)
  from space 17920K, 99% used [0x0000000788200000,0x000000078937a4d0,0x0000000789380000)
  to   space 28672K, 0% used [0x000000079cf80000,0x000000079cf80000,0x000000079eb80000)
 ParOldGen       total 121344K, used 44248K [0x00000006c7a00000, 0x00000006cf080000, 0x000000076d380000)
  object space 121344K, 36% used [0x00000006c7a00000,0x00000006ca5362b8,0x00000006cf080000)
 Metaspace       used 58058K, capacity 58845K, committed 59160K, reserved 1101824K
  class space    used 6475K, capacity 6659K, committed 6784K, reserved 1048576K
Event: 11.302 GC heap after
Heap after GC invocations=10 (full 3):
 PSYoungGen      total 458752K, used 0K [0x000000076d380000, 0x000000079eb80000, 0x00000007c0000000)
  eden space 440832K, 0% used [0x000000076d380000,0x000000076d380000,0x0000000788200000)
  from space 17920K, 0% used [0x0000000788200000,0x0000000788200000,0x0000000789380000)
  to   space 28672K, 0% used [0x000000079cf80000,0x000000079cf80000,0x000000079eb80000)
 ParOldGen       total 176128K, used 58074K [0x00000006c7a00000, 0x00000006d2600000, 0x000000076d380000)
  object space 176128K, 32% used [0x00000006c7a00000,0x00000006cb2b69d8,0x00000006d2600000)
 Metaspace       used 58058K, capacity 58845K, committed 59160K, reserved 1101824K
  class space    used 6475K, capacity 6659K, committed 6784K, reserved 1048576K
}
Event: 15.281 GC heap before
{Heap before GC invocations=11 (full 3):
 PSYoungGen      total 458752K, used 440832K [0x000000076d380000, 0x000000079eb80000, 0x00000007c0000000)
  eden space 440832K, 100% used [0x000000076d380000,0x0000000788200000,0x0000000788200000)
  from space 17920K, 0% used [0x0000000788200000,0x0000000788200000,0x0000000789380000)
  to   space 28672K, 0% used [0x000000079cf80000,0x000000079cf80000,0x000000079eb80000)
 ParOldGen       total 176128K, used 58074K [0x00000006c7a00000, 0x00000006d2600000, 0x000000076d380000)
  object space 176128K, 32% used [0x00000006c7a00000,0x00000006cb2b69d8,0x00000006d2600000)
 Metaspace       used 62730K, capacity 63609K, committed 64000K, reserved 1105920K
  class space    used 7104K, capacity 7297K, committed 7424K, reserved 1048576K
Event: 15.321 GC heap after
Heap after GC invocations=11 (full 3):
 PSYoungGen      total 753664K, used 28657K [0x000000076d380000, 0x000000079f280000, 0x00000007c0000000)
  eden space 724992K, 0% used [0x000000076d380000,0x000000076d380000,0x0000000799780000)
  from space 28672K, 99% used [0x000000079cf80000,0x000000079eb7c4c8,0x000000079eb80000)
  to   space 46592K, 0% used [0x0000000799780000,0x0000000799780000,0x000000079c500000)
 ParOldGen       total 176128K, used 89244K [0x00000006c7a00000, 0x00000006d2600000, 0x000000076d380000)
  object space 176128K, 50% used [0x00000006c7a00000,0x00000006cd127280,0x00000006d2600000)
 Metaspace       used 62730K, capacity 63609K, committed 64000K, reserved 1105920K
  class space    used 7104K, capacity 7297K, committed 7424K, reserved 1048576K
}
Event: 24.563 GC heap before
{Heap before GC invocations=12 (full 3):
 PSYoungGen      total 753664K, used 753649K [0x000000076d380000, 0x000000079f280000, 0x00000007c0000000)
  eden space 724992K, 100% used [0x000000076d380000,0x0000000799780000,0x0000000799780000)
  from space 28672K, 99% used [0x000000079cf80000,0x000000079eb7c4c8,0x000000079eb80000)
  to   space 46592K, 0% used [0x0000000799780000,0x0000000799780000,0x000000079c500000)
 ParOldGen       total 176128K, used 89244K [0x00000006c7a00000, 0x00000006d2600000, 0x000000076d380000)
  object space 176128K, 50% used [0x00000006c7a00000,0x00000006cd127280,0x00000006d2600000)
 Metaspace       used 67260K, capacity 68201K, committed 68736K, reserved 1110016K
  class space    used 7548K, capacity 7741K, committed 7808K, reserved 1048576K
Event: 24.592 GC heap after
Heap after GC invocations=12 (full 3):
 PSYoungGen      total 771584K, used 28697K [0x000000076d380000, 0x00000007aeb00000, 0x00000007c0000000)
  eden space 724992K, 0% used [0x000000076d380000,0x000000076d380000,0x0000000799780000)
  from space 46592K, 61% used [0x0000000799780000,0x000000079b3866b8,0x000000079c500000)
  to   space 47104K, 0% used [0x00000007abd00000,0x00000007abd00000,0x00000007aeb00000)
 ParOldGen       total 176128K, used 89252K [0x00000006c7a00000, 0x00000006d2600000, 0x000000076d380000)
  object space 176128K, 50% used [0x00000006c7a00000,0x00000006cd129280,0x00000006d2600000)
 Metaspace       used 67260K, capacity 68201K, committed 68736K, reserved 1110016K
  class space    used 7548K, capacity 7741K, committed 7808K, reserved 1048576K
}
Event: 63.401 GC heap before
{Heap before GC invocations=13 (full 3):
 PSYoungGen      total 771584K, used 753689K [0x000000076d380000, 0x00000007aeb00000, 0x00000007c0000000)
  eden space 724992K, 100% used [0x000000076d380000,0x0000000799780000,0x0000000799780000)
  from space 46592K, 61% used [0x0000000799780000,0x000000079b3866b8,0x000000079c500000)
  to   space 47104K, 0% used [0x00000007abd00000,0x00000007abd00000,0x00000007aeb00000)
 ParOldGen       total 176128K, used 89252K [0x00000006c7a00000, 0x00000006d2600000, 0x000000076d380000)
  object space 176128K, 50% used [0x00000006c7a00000,0x00000006cd1292a0,0x00000006d2600000)
 Metaspace       used 67651K, capacity 68611K, committed 68992K, reserved 1110016K
  class space    used 7556K, capacity 7754K, committed 7808K, reserved 1048576K
Event: 63.412 GC heap after
Heap after GC invocations=13 (full 3):
 PSYoungGen      total 970240K, used 22142K [0x000000076d380000, 0x00000007ad300000, 0x00000007c0000000)
  eden space 947712K, 0% used [0x000000076d380000,0x000000076d380000,0x00000007a7100000)
  from space 22528K, 98% used [0x00000007abd00000,0x00000007ad29fbb8,0x00000007ad300000)
  to   space 45056K, 0% used [0x00000007a7b00000,0x00000007a7b00000,0x00000007aa700000)
 ParOldGen       total 176128K, used 90428K [0x00000006c7a00000, 0x00000006d2600000, 0x000000076d380000)
  object space 176128K, 51% used [0x00000006c7a00000,0x00000006cd24f340,0x00000006d2600000)
 Metaspace       used 67651K, capacity 68611K, committed 68992K, reserved 1110016K
  class space    used 7556K, capacity 7754K, committed 7808K, reserved 1048576K
}

