# JRE version: OpenJDK Runtime Environment (8.0_282-b08) (build 1.8.0_282-b08)
# Java VM: OpenJDK 64-Bit Server VM (25.282-b08 mixed mode linux-amd64 compressed oops)
Heap:
 PSYoungGen      total 1254400K, used 107593K [0x000000076d380000, 0x00000007c0000000, 0x00000007c0000000)
  eden space 1152512K, 6% used [0x000000076d380000,0x0000000771ad5e58,0x00000007b3900000)
  from space 101888K, 33% used [0x00000007b3900000,0x00000007b5abc940,0x00000007b9c80000)
  to   space 96768K, 0% used [0x00000007ba180000,0x00000007ba180000,0x00000007c0000000)
 ParOldGen       total 367104K, used 229926K [0x00000006c7a00000, 0x00000006de080000, 0x000000076d380000)
  object space 367104K, 62% used [0x00000006c7a00000,0x00000006d5a899c0,0x00000006de080000)
 Metaspace       used 68112K, capacity 69013K, committed 69504K, reserved 1112064K
  class space    used 7548K, capacity 7741K, committed 7808K, reserved 1048576K
GC Heap History (10 events):
Event: 17.750 GC heap before
{Heap before GC invocations=13 (full 4):
 PSYoungGen      total 766976K, used 36324K [0x000000076d380000, 0x00000007b6100000, 0x00000007c0000000)
  eden space 730624K, 0% used [0x000000076d380000,0x000000076d380000,0x0000000799d00000)
  from space 36352K, 99% used [0x0000000799d00000,0x000000079c079108,0x000000079c080000)
  to   space 84992K, 0% used [0x00000007b0e00000,0x00000007b0e00000,0x00000007b6100000)
 ParOldGen       total 178688K, used 172396K [0x00000006c7a00000, 0x00000006d2880000, 0x000000076d380000)
  object space 178688K, 96% used [0x00000006c7a00000,0x00000006d225b228,0x00000006d2880000)
 Metaspace       used 62945K, capacity 63761K, committed 64256K, reserved 1105920K
  class space    used 7104K, capacity 7299K, committed 7424K, reserved 1048576K
Event: 18.758 GC heap after
Heap after GC invocations=13 (full 4):
 PSYoungGen      total 766976K, used 11226K [0x000000076d380000, 0x00000007b6100000, 0x00000007c0000000)
  eden space 730624K, 0% used [0x000000076d380000,0x000000076d380000,0x0000000799d00000)
  from space 36352K, 30% used [0x0000000799d00000,0x000000079a7f6a18,0x000000079c080000)
  to   space 84992K, 0% used [0x00000007b0e00000,0x00000007b0e00000,0x00000007b6100000)
 ParOldGen       total 367104K, used 178684K [0x00000006c7a00000, 0x00000006de080000, 0x000000076d380000)
  object space 367104K, 48% used [0x00000006c7a00000,0x00000006d287f050,0x00000006de080000)
 Metaspace       used 62929K, capacity 63721K, committed 64256K, reserved 1105920K
  class space    used 7098K, capacity 7289K, committed 7424K, reserved 1048576K
}
Event: 19.371 GC heap before
{Heap before GC invocations=14 (full 4):
 PSYoungGen      total 766976K, used 741850K [0x000000076d380000, 0x00000007b6100000, 0x00000007c0000000)
  eden space 730624K, 100% used [0x000000076d380000,0x0000000799d00000,0x0000000799d00000)
  from space 36352K, 30% used [0x0000000799d00000,0x000000079a7f6a18,0x000000079c080000)
  to   space 84992K, 0% used [0x00000007b0e00000,0x00000007b0e00000,0x00000007b6100000)
 ParOldGen       total 367104K, used 178684K [0x00000006c7a00000, 0x00000006de080000, 0x000000076d380000)
  object space 367104K, 48% used [0x00000006c7a00000,0x00000006d287f050,0x00000006de080000)
 Metaspace       used 62960K, capacity 63789K, committed 64256K, reserved 1105920K
  class space    used 7099K, capacity 7289K, committed 7424K, reserved 1048576K
Event: 19.426 GC heap after
Heap after GC invocations=14 (full 4):
 PSYoungGen      total 1015808K, used 62671K [0x000000076d380000, 0x00000007b4b80000, 0x00000007c0000000)
  eden space 952832K, 0% used [0x000000076d380000,0x000000076d380000,0x00000007a7600000)
  from space 62976K, 99% used [0x00000007b0e00000,0x00000007b4b33d50,0x00000007b4b80000)
  to   space 91648K, 0% used [0x00000007a9880000,0x00000007a9880000,0x00000007af200000)
 ParOldGen       total 367104K, used 186309K [0x00000006c7a00000, 0x00000006de080000, 0x000000076d380000)
  object space 367104K, 50% used [0x00000006c7a00000,0x00000006d2ff1568,0x00000006de080000)
 Metaspace       used 62960K, capacity 63789K, committed 64256K, reserved 1105920K
  class space    used 7099K, capacity 7289K, committed 7424K, reserved 1048576K
}
Event: 27.623 GC heap before
{Heap before GC invocations=15 (full 4):
 PSYoungGen      total 1015808K, used 1015503K [0x000000076d380000, 0x00000007b4b80000, 0x00000007c0000000)
  eden space 952832K, 100% used [0x000000076d380000,0x00000007a7600000,0x00000007a7600000)
  from space 62976K, 99% used [0x00000007b0e00000,0x00000007b4b33d50,0x00000007b4b80000)
  to   space 91648K, 0% used [0x00000007a9880000,0x00000007a9880000,0x00000007af200000)
 ParOldGen       total 367104K, used 186309K [0x00000006c7a00000, 0x00000006de080000, 0x000000076d380000)
  object space 367104K, 50% used [0x00000006c7a00000,0x00000006d2ff1568,0x00000006de080000)
 Metaspace       used 63004K, capacity 63873K, committed 64256K, reserved 1105920K
  class space    used 7101K, capacity 7291K, committed 7424K, reserved 1048576K
Event: 27.659 GC heap after
Heap after GC invocations=15 (full 4):
 PSYoungGen      total 1079808K, used 39550K [0x000000076d380000, 0x00000007c0000000, 0x00000007c0000000)
  eden space 988160K, 0% used [0x000000076d380000,0x000000076d380000,0x00000007a9880000)
  from space 91648K, 43% used [0x00000007a9880000,0x00000007abf1f848,0x00000007af200000)
  to   space 87552K, 0% used [0x00000007baa80000,0x00000007baa80000,0x00000007c0000000)
 ParOldGen       total 367104K, used 190022K [0x00000006c7a00000, 0x00000006de080000, 0x000000076d380000)
  object space 367104K, 51% used [0x00000006c7a00000,0x00000006d3391a80,0x00000006de080000)
 Metaspace       used 63004K, capacity 63873K, committed 64256K, reserved 1105920K
  class space    used 7101K, capacity 7291K, committed 7424K, reserved 1048576K
}
Event: 46.169 GC heap before
{Heap before GC invocations=16 (full 4):
 PSYoungGen      total 1079808K, used 1027710K [0x000000076d380000, 0x00000007c0000000, 0x00000007c0000000)
  eden space 988160K, 100% used [0x000000076d380000,0x00000007a9880000,0x00000007a9880000)
  from space 91648K, 43% used [0x00000007a9880000,0x00000007abf1f848,0x00000007af200000)
  to   space 87552K, 0% used [0x00000007baa80000,0x00000007baa80000,0x00000007c0000000)
 ParOldGen       total 367104K, used 190022K [0x00000006c7a00000, 0x00000006de080000, 0x000000076d380000)
  object space 367104K, 51% used [0x00000006c7a00000,0x00000006d3391a80,0x00000006de080000)
 Metaspace       used 67829K, capacity 68697K, committed 69248K, reserved 1110016K
  class space    used 7542K, capacity 7731K, committed 7808K, reserved 1048576K
Event: 46.211 GC heap after
Heap after GC invocations=16 (full 4):
 PSYoungGen      total 1240064K, used 87541K [0x000000076d380000, 0x00000007c0000000, 0x00000007c0000000)
  eden space 1152512K, 0% used [0x000000076d380000,0x000000076d380000,0x00000007b3900000)
  from space 87552K, 99% used [0x00000007baa80000,0x00000007bfffd710,0x00000007c0000000)
  to   space 101888K, 0% used [0x00000007b3900000,0x00000007b3900000,0x00000007b9c80000)
 ParOldGen       total 367104K, used 190704K [0x00000006c7a00000, 0x00000006de080000, 0x000000076d380000)
  object space 367104K, 51% used [0x00000006c7a00000,0x00000006d343c188,0x00000006de080000)
 Metaspace       used 67829K, capacity 68697K, committed 69248K, reserved 1110016K
  class space    used 7542K, capacity 7731K, committed 7808K, reserved 1048576K
}
Event: 125.276 GC heap before
{Heap before GC invocations=17 (full 4):
 PSYoungGen      total 1240064K, used 1240053K [0x000000076d380000, 0x00000007c0000000, 0x00000007c0000000)
  eden space 1152512K, 100% used [0x000000076d380000,0x00000007b3900000,0x00000007b3900000)
  from space 87552K, 99% used [0x00000007baa80000,0x00000007bfffd710,0x00000007c0000000)
  to   space 101888K, 0% used [0x00000007b3900000,0x00000007b3900000,0x00000007b9c80000)
 ParOldGen       total 367104K, used 190704K [0x00000006c7a00000, 0x00000006de080000, 0x000000076d380000)
  object space 367104K, 51% used [0x00000006c7a00000,0x00000006d343c188,0x00000006de080000)
 Metaspace       used 68103K, capacity 69013K, committed 69504K, reserved 1112064K
  class space    used 7548K, capacity 7741K, committed 7808K, reserved 1048576K
Event: 125.329 GC heap after
Heap after GC invocations=17 (full 4):
 PSYoungGen      total 1254400K, used 34546K [0x000000076d380000, 0x00000007c0000000, 0x00000007c0000000)
  eden space 1152512K, 0% used [0x000000076d380000,0x000000076d380000,0x00000007b3900000)
  from space 101888K, 33% used [0x00000007b3900000,0x00000007b5abc940,0x00000007b9c80000)
  to   space 96768K, 0% used [0x00000007ba180000,0x00000007ba180000,0x00000007c0000000)
 ParOldGen       total 367104K, used 229926K [0x00000006c7a00000, 0x00000006de080000, 0x000000076d380000)
  object space 367104K, 62% used [0x00000006c7a00000,0x00000006d5a899c0,0x00000006de080000)
 Metaspace       used 68103K, capacity 69013K, committed 69504K, reserved 1112064K
  class space    used 7548K, capacity 7741K, committed 7808K, reserved 1048576K
}

