# JRE version: OpenJDK Runtime Environment (8.0_282-b08) (build 1.8.0_282-b08)
# Java VM: OpenJDK 64-Bit Server VM (25.282-b08 mixed mode linux-amd64 compressed oops)
Heap:
 PSYoungGen      total 438784K, used 195582K [0x000000076d380000, 0x0000000795f00000, 0x00000007c0000000)
  eden space 410112K, 40% used [0x000000076d380000,0x0000000777683b60,0x0000000786400000)
  from space 28672K, 99% used [0x0000000786400000,0x0000000787ffbe80,0x0000000788000000)
  to   space 39424K, 0% used [0x0000000793880000,0x0000000793880000,0x0000000795f00000)
 ParOldGen       total 166400K, used 69550K [0x00000006c7a00000, 0x00000006d1c80000, 0x000000076d380000)
  object space 166400K, 41% used [0x00000006c7a00000,0x00000006cbdeb818,0x00000006d1c80000)
 Metaspace       used 63210K, capacity 64141K, committed 64384K, reserved 1105920K
  class space    used 7099K, capacity 7291K, committed 7296K, reserved 1048576K
GC Heap History (10 events):
Event: 5.408 GC heap before
{Heap before GC invocations=10 (full 2):
 PSYoungGen      total 292352K, used 13380K [0x000000076d380000, 0x0000000783b80000, 0x00000007c0000000)
  eden space 273408K, 0% used [0x000000076d380000,0x000000076d380000,0x000000077de80000)
  from space 18944K, 70% used [0x000000077f100000,0x000000077fe11190,0x0000000780380000)
  to   space 18944K, 0% used [0x000000077de80000,0x000000077de80000,0x000000077f100000)
 ParOldGen       total 99840K, used 17089K [0x00000006c7a00000, 0x00000006cdb80000, 0x000000076d380000)
  object space 99840K, 17% used [0x00000006c7a00000,0x00000006c8ab0488,0x00000006cdb80000)
 Metaspace       used 34871K, capacity 35406K, committed 35496K, reserved 1081344K
  class space    used 4464K, capacity 4593K, committed 4608K, reserved 1048576K
Event: 5.472 GC heap after
Heap after GC invocations=10 (full 2):
 PSYoungGen      total 292352K, used 0K [0x000000076d380000, 0x0000000783b80000, 0x00000007c0000000)
  eden space 273408K, 0% used [0x000000076d380000,0x000000076d380000,0x000000077de80000)
  from space 18944K, 0% used [0x000000077f100000,0x000000077f100000,0x0000000780380000)
  to   space 18944K, 0% used [0x000000077de80000,0x000000077de80000,0x000000077f100000)
 ParOldGen       total 123392K, used 24818K [0x00000006c7a00000, 0x00000006cf280000, 0x000000076d380000)
  object space 123392K, 20% used [0x00000006c7a00000,0x00000006c923c938,0x00000006cf280000)
 Metaspace       used 34871K, capacity 35406K, committed 35496K, reserved 1081344K
  class space    used 4464K, capacity 4593K, committed 4608K, reserved 1048576K
}
Event: 8.109 GC heap before
{Heap before GC invocations=11 (full 2):
 PSYoungGen      total 292352K, used 273408K [0x000000076d380000, 0x0000000783b80000, 0x00000007c0000000)
  eden space 273408K, 100% used [0x000000076d380000,0x000000077de80000,0x000000077de80000)
  from space 18944K, 0% used [0x000000077f100000,0x000000077f100000,0x0000000780380000)
  to   space 18944K, 0% used [0x000000077de80000,0x000000077de80000,0x000000077f100000)
 ParOldGen       total 123392K, used 24818K [0x00000006c7a00000, 0x00000006cf280000, 0x000000076d380000)
  object space 123392K, 20% used [0x00000006c7a00000,0x00000006c923c938,0x00000006cf280000)
 Metaspace       used 49092K, capacity 49774K, committed 50176K, reserved 1093632K
  class space    used 5913K, capacity 6055K, committed 6144K, reserved 1048576K
Event: 8.177 GC heap after
Heap after GC invocations=11 (full 2):
 PSYoungGen      total 292352K, used 18940K [0x000000076d380000, 0x0000000789b80000, 0x00000007c0000000)
  eden space 273408K, 0% used [0x000000076d380000,0x000000076d380000,0x000000077de80000)
  from space 18944K, 99% used [0x000000077de80000,0x000000077f0ff0d0,0x000000077f100000)
  to   space 25600K, 0% used [0x0000000788280000,0x0000000788280000,0x0000000789b80000)
 ParOldGen       total 123392K, used 35972K [0x00000006c7a00000, 0x00000006cf280000, 0x000000076d380000)
  object space 123392K, 29% used [0x00000006c7a00000,0x00000006c9d21078,0x00000006cf280000)
 Metaspace       used 49092K, capacity 49774K, committed 50176K, reserved 1093632K
  class space    used 5913K, capacity 6055K, committed 6144K, reserved 1048576K
}
Event: 10.916 GC heap before
{Heap before GC invocations=12 (full 2):
 PSYoungGen      total 292352K, used 90183K [0x000000076d380000, 0x0000000789b80000, 0x00000007c0000000)
  eden space 273408K, 26% used [0x000000076d380000,0x0000000771912b90,0x000000077de80000)
  from space 18944K, 99% used [0x000000077de80000,0x000000077f0ff0d0,0x000000077f100000)
  to   space 25600K, 0% used [0x0000000788280000,0x0000000788280000,0x0000000789b80000)
 ParOldGen       total 123392K, used 35972K [0x00000006c7a00000, 0x00000006cf280000, 0x000000076d380000)
  object space 123392K, 29% used [0x00000006c7a00000,0x00000006c9d21078,0x00000006cf280000)
 Metaspace       used 57956K, capacity 58771K, committed 59136K, reserved 1101824K
  class space    used 6453K, capacity 6628K, committed 6656K, reserved 1048576K
Event: 10.952 GC heap after
Heap after GC invocations=12 (full 2):
 PSYoungGen      total 435712K, used 24065K [0x000000076d380000, 0x0000000789c00000, 0x00000007c0000000)
  eden space 410112K, 0% used [0x000000076d380000,0x000000076d380000,0x0000000786400000)
  from space 25600K, 94% used [0x0000000788280000,0x0000000789a00778,0x0000000789b80000)
  to   space 28672K, 0% used [0x0000000786400000,0x0000000786400000,0x0000000788000000)
 ParOldGen       total 123392K, used 35980K [0x00000006c7a00000, 0x00000006cf280000, 0x000000076d380000)
  object space 123392K, 29% used [0x00000006c7a00000,0x00000006c9d23078,0x00000006cf280000)
 Metaspace       used 57956K, capacity 58771K, committed 59136K, reserved 1101824K
  class space    used 6453K, capacity 6628K, committed 6656K, reserved 1048576K
}
Event: 10.952 GC heap before
{Heap before GC invocations=13 (full 3):
 PSYoungGen      total 435712K, used 24065K [0x000000076d380000, 0x0000000789c00000, 0x00000007c0000000)
  eden space 410112K, 0% used [0x000000076d380000,0x000000076d380000,0x0000000786400000)
  from space 25600K, 94% used [0x0000000788280000,0x0000000789a00778,0x0000000789b80000)
  to   space 28672K, 0% used [0x0000000786400000,0x0000000786400000,0x0000000788000000)
 ParOldGen       total 123392K, used 35980K [0x00000006c7a00000, 0x00000006cf280000, 0x000000076d380000)
  object space 123392K, 29% used [0x00000006c7a00000,0x00000006c9d23078,0x00000006cf280000)
 Metaspace       used 57956K, capacity 58771K, committed 59136K, reserved 1101824K
  class space    used 6453K, capacity 6628K, committed 6656K, reserved 1048576K
Event: 11.207 GC heap after
Heap after GC invocations=13 (full 3):
 PSYoungGen      total 435712K, used 0K [0x000000076d380000, 0x0000000789c00000, 0x00000007c0000000)
  eden space 410112K, 0% used [0x000000076d380000,0x000000076d380000,0x0000000786400000)
  from space 25600K, 0% used [0x0000000788280000,0x0000000788280000,0x0000000789b80000)
  to   space 28672K, 0% used [0x0000000786400000,0x0000000786400000,0x0000000788000000)
 ParOldGen       total 166400K, used 50926K [0x00000006c7a00000, 0x00000006d1c80000, 0x000000076d380000)
  object space 166400K, 30% used [0x00000006c7a00000,0x00000006cabbb850,0x00000006d1c80000)
 Metaspace       used 57956K, capacity 58771K, committed 59136K, reserved 1101824K
  class space    used 6453K, capacity 6628K, committed 6656K, reserved 1048576K
}
Event: 12.890 GC heap before
{Heap before GC invocations=14 (full 3):
 PSYoungGen      total 435712K, used 410112K [0x000000076d380000, 0x0000000789c00000, 0x00000007c0000000)
  eden space 410112K, 100% used [0x000000076d380000,0x0000000786400000,0x0000000786400000)
  from space 25600K, 0% used [0x0000000788280000,0x0000000788280000,0x0000000789b80000)
  to   space 28672K, 0% used [0x0000000786400000,0x0000000786400000,0x0000000788000000)
 ParOldGen       total 166400K, used 50926K [0x00000006c7a00000, 0x00000006d1c80000, 0x000000076d380000)
  object space 166400K, 30% used [0x00000006c7a00000,0x00000006cabbb850,0x00000006d1c80000)
 Metaspace       used 62941K, capacity 63777K, committed 64128K, reserved 1105920K
  class space    used 7070K, capacity 7257K, committed 7296K, reserved 1048576K
Event: 12.920 GC heap after
Heap after GC invocations=14 (full 3):
 PSYoungGen      total 438784K, used 28655K [0x000000076d380000, 0x0000000795f00000, 0x00000007c0000000)
  eden space 410112K, 0% used [0x000000076d380000,0x000000076d380000,0x0000000786400000)
  from space 28672K, 99% used [0x0000000786400000,0x0000000787ffbe80,0x0000000788000000)
  to   space 39424K, 0% used [0x0000000793880000,0x0000000793880000,0x0000000795f00000)
 ParOldGen       total 166400K, used 69550K [0x00000006c7a00000, 0x00000006d1c80000, 0x000000076d380000)
  object space 166400K, 41% used [0x00000006c7a00000,0x00000006cbdeb818,0x00000006d1c80000)
 Metaspace       used 62941K, capacity 63777K, committed 64128K, reserved 1105920K
  class space    used 7070K, capacity 7257K, committed 7296K, reserved 1048576K
}

