# JRE version: OpenJDK Runtime Environment (8.0_282-b08) (build 1.8.0_282-b08)
# Java VM: OpenJDK 64-Bit Server VM (25.282-b08 mixed mode linux-amd64 compressed oops)
Heap:
 PSYoungGen      total 459776K, used 143417K [0x000000076d380000, 0x0000000791180000, 0x00000007c0000000)
  eden space 414720K, 28% used [0x000000076d380000,0x0000000774536340,0x0000000786880000)
  from space 45056K, 59% used [0x0000000786880000,0x00000007882d81f8,0x0000000789480000)
  to   space 45568K, 0% used [0x000000078e500000,0x000000078e500000,0x0000000791180000)
 ParOldGen       total 214016K, used 83803K [0x00000006c7a00000, 0x00000006d4b00000, 0x000000076d380000)
  object space 214016K, 39% used [0x00000006c7a00000,0x00000006ccbd6c30,0x00000006d4b00000)
 Metaspace       used 67745K, capacity 68665K, committed 68992K, reserved 1110016K
  class space    used 7577K, capacity 7771K, committed 7808K, reserved 1048576K
GC Heap History (10 events):
Event: 10.584 GC heap before
{Heap before GC invocations=10 (full 2):
 PSYoungGen      total 222720K, used 207360K [0x000000076d380000, 0x0000000785d00000, 0x00000007c0000000)
  eden space 207360K, 100% used [0x000000076d380000,0x0000000779e00000,0x0000000779e00000)
  from space 15360K, 0% used [0x0000000779e00000,0x0000000779e00000,0x000000077ad00000)
  to   space 18944K, 0% used [0x0000000784a80000,0x0000000784a80000,0x0000000785d00000)
 ParOldGen       total 147456K, used 27445K [0x00000006c7a00000, 0x00000006d0a00000, 0x000000076d380000)
  object space 147456K, 18% used [0x00000006c7a00000,0x00000006c94cd668,0x00000006d0a00000)
 Metaspace       used 46855K, capacity 47522K, committed 47872K, reserved 1091584K
  class space    used 5634K, capacity 5789K, committed 5888K, reserved 1048576K
Event: 10.600 GC heap after
Heap after GC invocations=10 (full 2):
 PSYoungGen      total 345600K, used 18934K [0x000000076d380000, 0x0000000785d00000, 0x00000007c0000000)
  eden space 326656K, 0% used [0x000000076d380000,0x000000076d380000,0x0000000781280000)
  from space 18944K, 99% used [0x0000000784a80000,0x0000000785cfd9a8,0x0000000785d00000)
  to   space 24064K, 0% used [0x0000000782e00000,0x0000000782e00000,0x0000000784580000)
 ParOldGen       total 147456K, used 32587K [0x00000006c7a00000, 0x00000006d0a00000, 0x000000076d380000)
  object space 147456K, 22% used [0x00000006c7a00000,0x00000006c99d2c60,0x00000006d0a00000)
 Metaspace       used 46855K, capacity 47522K, committed 47872K, reserved 1091584K
  class space    used 5634K, capacity 5789K, committed 5888K, reserved 1048576K
}
Event: 13.926 GC heap before
{Heap before GC invocations=11 (full 2):
 PSYoungGen      total 345600K, used 151282K [0x000000076d380000, 0x0000000785d00000, 0x00000007c0000000)
  eden space 326656K, 40% used [0x000000076d380000,0x00000007754beeb8,0x0000000781280000)
  from space 18944K, 99% used [0x0000000784a80000,0x0000000785cfd9a8,0x0000000785d00000)
  to   space 24064K, 0% used [0x0000000782e00000,0x0000000782e00000,0x0000000784580000)
 ParOldGen       total 147456K, used 32587K [0x00000006c7a00000, 0x00000006d0a00000, 0x000000076d380000)
  object space 147456K, 22% used [0x00000006c7a00000,0x00000006c99d2c60,0x00000006d0a00000)
 Metaspace       used 57926K, capacity 58673K, committed 59136K, reserved 1101824K
  class space    used 6460K, capacity 6627K, committed 6656K, reserved 1048576K
Event: 13.954 GC heap after
Heap after GC invocations=11 (full 2):
 PSYoungGen      total 378880K, used 24033K [0x000000076d380000, 0x000000078b100000, 0x00000007c0000000)
  eden space 354816K, 0% used [0x000000076d380000,0x000000076d380000,0x0000000782e00000)
  from space 24064K, 99% used [0x0000000782e00000,0x0000000784578520,0x0000000784580000)
  to   space 29184K, 0% used [0x0000000789480000,0x0000000789480000,0x000000078b100000)
 ParOldGen       total 147456K, used 36740K [0x00000006c7a00000, 0x00000006d0a00000, 0x000000076d380000)
  object space 147456K, 24% used [0x00000006c7a00000,0x00000006c9de12e8,0x00000006d0a00000)
 Metaspace       used 57926K, capacity 58673K, committed 59136K, reserved 1101824K
  class space    used 6460K, capacity 6627K, committed 6656K, reserved 1048576K
}
Event: 13.954 GC heap before
{Heap before GC invocations=12 (full 3):
 PSYoungGen      total 378880K, used 24033K [0x000000076d380000, 0x000000078b100000, 0x00000007c0000000)
  eden space 354816K, 0% used [0x000000076d380000,0x000000076d380000,0x0000000782e00000)
  from space 24064K, 99% used [0x0000000782e00000,0x0000000784578520,0x0000000784580000)
  to   space 29184K, 0% used [0x0000000789480000,0x0000000789480000,0x000000078b100000)
 ParOldGen       total 147456K, used 36740K [0x00000006c7a00000, 0x00000006d0a00000, 0x000000076d380000)
  object space 147456K, 24% used [0x00000006c7a00000,0x00000006c9de12e8,0x00000006d0a00000)
 Metaspace       used 57926K, capacity 58673K, committed 59136K, reserved 1101824K
  class space    used 6460K, capacity 6627K, committed 6656K, reserved 1048576K
Event: 14.209 GC heap after
Heap after GC invocations=12 (full 3):
 PSYoungGen      total 378880K, used 0K [0x000000076d380000, 0x000000078b100000, 0x00000007c0000000)
  eden space 354816K, 0% used [0x000000076d380000,0x000000076d380000,0x0000000782e00000)
  from space 24064K, 0% used [0x0000000782e00000,0x0000000782e00000,0x0000000784580000)
  to   space 29184K, 0% used [0x0000000789480000,0x0000000789480000,0x000000078b100000)
 ParOldGen       total 214016K, used 51465K [0x00000006c7a00000, 0x00000006d4b00000, 0x000000076d380000)
  object space 214016K, 24% used [0x00000006c7a00000,0x00000006cac42498,0x00000006d4b00000)
 Metaspace       used 57926K, capacity 58673K, committed 59136K, reserved 1101824K
  class space    used 6460K, capacity 6627K, committed 6656K, reserved 1048576K
}
Event: 18.539 GC heap before
{Heap before GC invocations=13 (full 3):
 PSYoungGen      total 378880K, used 354816K [0x000000076d380000, 0x000000078b100000, 0x00000007c0000000)
  eden space 354816K, 100% used [0x000000076d380000,0x0000000782e00000,0x0000000782e00000)
  from space 24064K, 0% used [0x0000000782e00000,0x0000000782e00000,0x0000000784580000)
  to   space 29184K, 0% used [0x0000000789480000,0x0000000789480000,0x000000078b100000)
 ParOldGen       total 214016K, used 51465K [0x00000006c7a00000, 0x00000006d4b00000, 0x000000076d380000)
  object space 214016K, 24% used [0x00000006c7a00000,0x00000006cac42498,0x00000006d4b00000)
 Metaspace       used 63088K, capacity 63945K, committed 64512K, reserved 1105920K
  class space    used 7135K, capacity 7327K, committed 7424K, reserved 1048576K
Event: 18.575 GC heap after
Heap after GC invocations=13 (full 3):
 PSYoungGen      total 443904K, used 29170K [0x000000076d380000, 0x000000078d780000, 0x00000007c0000000)
  eden space 414720K, 0% used [0x000000076d380000,0x000000076d380000,0x0000000786880000)
  from space 29184K, 99% used [0x0000000789480000,0x000000078b0fc910,0x000000078b100000)
  to   space 45056K, 0% used [0x0000000786880000,0x0000000786880000,0x0000000789480000)
 ParOldGen       total 214016K, used 82574K [0x00000006c7a00000, 0x00000006d4b00000, 0x000000076d380000)
  object space 214016K, 38% used [0x00000006c7a00000,0x00000006ccaa3b60,0x00000006d4b00000)
 Metaspace       used 63088K, capacity 63945K, committed 64512K, reserved 1105920K
  class space    used 7135K, capacity 7327K, committed 7424K, reserved 1048576K
}
Event: 37.804 GC heap before
{Heap before GC invocations=14 (full 3):
 PSYoungGen      total 443904K, used 443890K [0x000000076d380000, 0x000000078d780000, 0x00000007c0000000)
  eden space 414720K, 100% used [0x000000076d380000,0x0000000786880000,0x0000000786880000)
  from space 29184K, 99% used [0x0000000789480000,0x000000078b0fc910,0x000000078b100000)
  to   space 45056K, 0% used [0x0000000786880000,0x0000000786880000,0x0000000789480000)
 ParOldGen       total 214016K, used 82574K [0x00000006c7a00000, 0x00000006d4b00000, 0x000000076d380000)
  object space 214016K, 38% used [0x00000006c7a00000,0x00000006ccaa3b60,0x00000006d4b00000)
 Metaspace       used 67710K, capacity 68653K, committed 68992K, reserved 1110016K
  class space    used 7575K, capacity 7769K, committed 7808K, reserved 1048576K
Event: 37.823 GC heap after
Heap after GC invocations=14 (full 3):
 PSYoungGen      total 459776K, used 26976K [0x000000076d380000, 0x0000000791180000, 0x00000007c0000000)
  eden space 414720K, 0% used [0x000000076d380000,0x000000076d380000,0x0000000786880000)
  from space 45056K, 59% used [0x0000000786880000,0x00000007882d81f8,0x0000000789480000)
  to   space 45568K, 0% used [0x000000078e500000,0x000000078e500000,0x0000000791180000)
 ParOldGen       total 214016K, used 83803K [0x00000006c7a00000, 0x00000006d4b00000, 0x000000076d380000)
  object space 214016K, 39% used [0x00000006c7a00000,0x00000006ccbd6c30,0x00000006d4b00000)
 Metaspace       used 67710K, capacity 68653K, committed 68992K, reserved 1110016K
  class space    used 7575K, capacity 7769K, committed 7808K, reserved 1048576K
}

