# JRE version: OpenJDK Runtime Environment (8.0_282-b08) (build 1.8.0_282-b08)
# Java VM: OpenJDK 64-Bit Server VM (25.282-b08 mixed mode linux-amd64 compressed oops)
Heap:
 PSYoungGen      total 1221632K, used 891274K [0x000000076d380000, 0x00000007c0000000, 0x00000007c0000000)
  eden space 1121792K, 70% used [0x000000076d380000,0x000000079d8658b8,0x00000007b1b00000)
  from space 99840K, 99% used [0x00000007b9200000,0x00000007bf37d0d0,0x00000007bf380000)
  to   space 117248K, 0% used [0x00000007b1b00000,0x00000007b1b00000,0x00000007b8d80000)
 ParOldGen       total 353792K, used 287056K [0x00000006c7a00000, 0x00000006dd380000, 0x000000076d380000)
  object space 353792K, 81% used [0x00000006c7a00000,0x00000006d9254208,0x00000006dd380000)
 Metaspace       used 69251K, capacity 70195K, committed 70500K, reserved 1112064K
  class space    used 7568K, capacity 7774K, committed 7808K, reserved 1048576K
GC Heap History (10 events):
Event: 121.320 GC heap before
{Heap before GC invocations=24 (full 4):
 PSYoungGen      total 1236992K, used 1132892K [0x000000076d380000, 0x00000007c0000000, 0x00000007c0000000)
  eden space 1117696K, 100% used [0x000000076d380000,0x00000007b1700000,0x00000007b1700000)
  from space 119296K, 12% used [0x00000007b1700000,0x00000007b25d71f0,0x00000007b8b80000)
  to   space 115712K, 0% used [0x00000007b8f00000,0x00000007b8f00000,0x00000007c0000000)
 ParOldGen       total 353792K, used 284142K [0x00000006c7a00000, 0x00000006dd380000, 0x000000076d380000)
  object space 353792K, 80% used [0x00000006c7a00000,0x00000006d8f7b988,0x00000006dd380000)
 Metaspace       used 68638K, capacity 69527K, committed 69988K, reserved 1112064K
  class space    used 7549K, capacity 7740K, committed 7808K, reserved 1048576K
Event: 121.380 GC heap after
Heap after GC invocations=24 (full 4):
 PSYoungGen      total 1230336K, used 54308K [0x000000076d380000, 0x00000007bf980000, 0x00000007c0000000)
  eden space 1121280K, 0% used [0x000000076d380000,0x000000076d380000,0x00000007b1a80000)
  from space 109056K, 49% used [0x00000007b8f00000,0x00000007bc4092c0,0x00000007bf980000)
  to   space 114176K, 0% used [0x00000007b1a80000,0x00000007b1a80000,0x00000007b8a00000)
 ParOldGen       total 353792K, used 284150K [0x00000006c7a00000, 0x00000006dd380000, 0x000000076d380000)
  object space 353792K, 80% used [0x00000006c7a00000,0x00000006d8f7d988,0x00000006dd380000)
 Metaspace       used 68638K, capacity 69527K, committed 69988K, reserved 1112064K
  class space    used 7549K, capacity 7740K, committed 7808K, reserved 1048576K
}
Event: 132.924 GC heap before
{Heap before GC invocations=25 (full 4):
 PSYoungGen      total 1230336K, used 1175588K [0x000000076d380000, 0x00000007bf980000, 0x00000007c0000000)
  eden space 1121280K, 100% used [0x000000076d380000,0x00000007b1a80000,0x00000007b1a80000)
  from space 109056K, 49% used [0x00000007b8f00000,0x00000007bc4092c0,0x00000007bf980000)
  to   space 114176K, 0% used [0x00000007b1a80000,0x00000007b1a80000,0x00000007b8a00000)
 ParOldGen       total 353792K, used 284152K [0x00000006c7a00000, 0x00000006dd380000, 0x000000076d380000)
  object space 353792K, 80% used [0x00000006c7a00000,0x00000006d8f7e018,0x00000006dd380000)
 Metaspace       used 68875K, capacity 69815K, committed 69988K, reserved 1112064K
  class space    used 7564K, capacity 7766K, committed 7808K, reserved 1048576K
Event: 132.939 GC heap after
Heap after GC invocations=25 (full 4):
 PSYoungGen      total 1235456K, used 29170K [0x000000076d380000, 0x00000007bf900000, 0x00000007c0000000)
  eden space 1121280K, 0% used [0x000000076d380000,0x000000076d380000,0x00000007b1a80000)
  from space 114176K, 25% used [0x00000007b1a80000,0x00000007b36fcac8,0x00000007b8a00000)
  to   space 108032K, 0% used [0x00000007b8f80000,0x00000007b8f80000,0x00000007bf900000)
 ParOldGen       total 353792K, used 284160K [0x00000006c7a00000, 0x00000006dd380000, 0x000000076d380000)
  object space 353792K, 80% used [0x00000006c7a00000,0x00000006d8f80018,0x00000006dd380000)
 Metaspace       used 68875K, capacity 69815K, committed 69988K, reserved 1112064K
  class space    used 7564K, capacity 7766K, committed 7808K, reserved 1048576K
}
Event: 147.157 GC heap before
{Heap before GC invocations=26 (full 4):
 PSYoungGen      total 1235456K, used 1150450K [0x000000076d380000, 0x00000007bf900000, 0x00000007c0000000)
  eden space 1121280K, 100% used [0x000000076d380000,0x00000007b1a80000,0x00000007b1a80000)
  from space 114176K, 25% used [0x00000007b1a80000,0x00000007b36fcac8,0x00000007b8a00000)
  to   space 108032K, 0% used [0x00000007b8f80000,0x00000007b8f80000,0x00000007bf900000)
 ParOldGen       total 353792K, used 284160K [0x00000006c7a00000, 0x00000006dd380000, 0x000000076d380000)
  object space 353792K, 80% used [0x00000006c7a00000,0x00000006d8f80018,0x00000006dd380000)
 Metaspace       used 68963K, capacity 69943K, committed 70244K, reserved 1112064K
  class space    used 7564K, capacity 7766K, committed 7808K, reserved 1048576K
Event: 147.192 GC heap after
Heap after GC invocations=26 (full 4):
 PSYoungGen      total 1240064K, used 51965K [0x000000076d380000, 0x00000007bf700000, 0x00000007c0000000)
  eden space 1134080K, 0% used [0x000000076d380000,0x000000076d380000,0x00000007b2700000)
  from space 105984K, 49% used [0x00000007b8f80000,0x00000007bc23f488,0x00000007bf700000)
  to   space 106496K, 0% used [0x00000007b2700000,0x00000007b2700000,0x00000007b8f00000)
 ParOldGen       total 353792K, used 284168K [0x00000006c7a00000, 0x00000006dd380000, 0x000000076d380000)
  object space 353792K, 80% used [0x00000006c7a00000,0x00000006d8f82018,0x00000006dd380000)
 Metaspace       used 68963K, capacity 69943K, committed 70244K, reserved 1112064K
  class space    used 7564K, capacity 7766K, committed 7808K, reserved 1048576K
}
Event: 156.310 GC heap before
{Heap before GC invocations=27 (full 4):
 PSYoungGen      total 1240064K, used 1186045K [0x000000076d380000, 0x00000007bf700000, 0x00000007c0000000)
  eden space 1134080K, 100% used [0x000000076d380000,0x00000007b2700000,0x00000007b2700000)
  from space 105984K, 49% used [0x00000007b8f80000,0x00000007bc23f488,0x00000007bf700000)
  to   space 106496K, 0% used [0x00000007b2700000,0x00000007b2700000,0x00000007b8f00000)
 ParOldGen       total 353792K, used 284168K [0x00000006c7a00000, 0x00000006dd380000, 0x000000076d380000)
  object space 353792K, 80% used [0x00000006c7a00000,0x00000006d8f82018,0x00000006dd380000)
 Metaspace       used 69023K, capacity 70017K, committed 70244K, reserved 1112064K
  class space    used 7564K, capacity 7767K, committed 7808K, reserved 1048576K
Event: 156.321 GC heap after
Heap after GC invocations=27 (full 4):
 PSYoungGen      total 1240576K, used 37694K [0x000000076d380000, 0x00000007bf380000, 0x00000007c0000000)
  eden space 1134080K, 0% used [0x000000076d380000,0x000000076d380000,0x00000007b2700000)
  from space 106496K, 35% used [0x00000007b2700000,0x00000007b4bcfbd0,0x00000007b8f00000)
  to   space 99840K, 0% used [0x00000007b9200000,0x00000007b9200000,0x00000007bf380000)
 ParOldGen       total 353792K, used 284176K [0x00000006c7a00000, 0x00000006dd380000, 0x000000076d380000)
  object space 353792K, 80% used [0x00000006c7a00000,0x00000006d8f84018,0x00000006dd380000)
 Metaspace       used 69023K, capacity 70017K, committed 70244K, reserved 1112064K
  class space    used 7564K, capacity 7767K, committed 7808K, reserved 1048576K
}
Event: 173.496 GC heap before
{Heap before GC invocations=28 (full 4):
 PSYoungGen      total 1240576K, used 1171774K [0x000000076d380000, 0x00000007bf380000, 0x00000007c0000000)
  eden space 1134080K, 100% used [0x000000076d380000,0x00000007b2700000,0x00000007b2700000)
  from space 106496K, 35% used [0x00000007b2700000,0x00000007b4bcfbd0,0x00000007b8f00000)
  to   space 99840K, 0% used [0x00000007b9200000,0x00000007b9200000,0x00000007bf380000)
 ParOldGen       total 353792K, used 284176K [0x00000006c7a00000, 0x00000006dd380000, 0x000000076d380000)
  object space 353792K, 80% used [0x00000006c7a00000,0x00000006d8f84018,0x00000006dd380000)
 Metaspace       used 69176K, capacity 70179K, committed 70500K, reserved 1112064K
  class space    used 7567K, capacity 7772K, committed 7808K, reserved 1048576K
Event: 173.625 GC heap after
Heap after GC invocations=28 (full 4):
 PSYoungGen      total 1221632K, used 99828K [0x000000076d380000, 0x00000007c0000000, 0x00000007c0000000)
  eden space 1121792K, 0% used [0x000000076d380000,0x000000076d380000,0x00000007b1b00000)
  from space 99840K, 99% used [0x00000007b9200000,0x00000007bf37d0d0,0x00000007bf380000)
  to   space 117248K, 0% used [0x00000007b1b00000,0x00000007b1b00000,0x00000007b8d80000)
 ParOldGen       total 353792K, used 287056K [0x00000006c7a00000, 0x00000006dd380000, 0x000000076d380000)
  object space 353792K, 81% used [0x00000006c7a00000,0x00000006d9254208,0x00000006dd380000)
 Metaspace       used 69176K, capacity 70179K, committed 70500K, reserved 1112064K
  class space    used 7567K, capacity 7772K, committed 7808K, reserved 1048576K
}

