# JRE version: OpenJDK Runtime Environment (8.0_282-b08) (build 1.8.0_282-b08)
# Java VM: OpenJDK 64-Bit Server VM (25.282-b08 mixed mode linux-amd64 compressed oops)
Heap:
 PSYoungGen      total 800768K, used 315059K [0x000000076d380000, 0x00000007b7200000, 0x00000007c0000000)
  eden space 711680K, 44% used [0x000000076d380000,0x000000078072cde0,0x0000000798a80000)
  from space 89088K, 0% used [0x0000000798a80000,0x0000000798a80000,0x000000079e180000)
  to   space 86016K, 0% used [0x00000007b1e00000,0x00000007b1e00000,0x00000007b7200000)
 ParOldGen       total 388096K, used 125157K [0x00000006c7a00000, 0x00000006df500000, 0x000000076d380000)
  object space 388096K, 32% used [0x00000006c7a00000,0x00000006cf439670,0x00000006df500000)
 Metaspace       used 64955K, capacity 65823K, committed 66176K, reserved 1107968K
  class space    used 7295K, capacity 7482K, committed 7552K, reserved 1048576K
GC Heap History (10 events):
Event: 23.926 GC heap before
{Heap before GC invocations=13 (full 3):
 PSYoungGen      total 463360K, used 453715K [0x000000076d380000, 0x0000000792680000, 0x00000007c0000000)
  eden space 434688K, 100% used [0x000000076d380000,0x0000000787c00000,0x0000000787c00000)
  from space 28672K, 66% used [0x0000000787c00000,0x0000000788e94ca0,0x0000000789800000)
  to   space 28672K, 0% used [0x0000000790a80000,0x0000000790a80000,0x0000000792680000)
 ParOldGen       total 246784K, used 48737K [0x00000006c7a00000, 0x00000006d6b00000, 0x000000076d380000)
  object space 246784K, 19% used [0x00000006c7a00000,0x00000006ca998598,0x00000006d6b00000)
 Metaspace       used 64882K, capacity 65699K, committed 66176K, reserved 1107968K
  class space    used 7295K, capacity 7484K, committed 7552K, reserved 1048576K
Event: 23.973 GC heap after
Heap after GC invocations=13 (full 3):
 PSYoungGen      total 557568K, used 28668K [0x000000076d380000, 0x0000000796700000, 0x00000007c0000000)
  eden space 528896K, 0% used [0x000000076d380000,0x000000076d380000,0x000000078d800000)
  from space 28672K, 99% used [0x0000000790a80000,0x000000079267f030,0x0000000792680000)
  to   space 51712K, 0% used [0x000000078d800000,0x000000078d800000,0x0000000790a80000)
 ParOldGen       total 246784K, used 101394K [0x00000006c7a00000, 0x00000006d6b00000, 0x000000076d380000)
  object space 246784K, 41% used [0x00000006c7a00000,0x00000006cdd04b08,0x00000006d6b00000)
 Metaspace       used 64882K, capacity 65699K, committed 66176K, reserved 1107968K
  class space    used 7295K, capacity 7484K, committed 7552K, reserved 1048576K
}
Event: 24.712 GC heap before
{Heap before GC invocations=14 (full 3):
 PSYoungGen      total 557568K, used 557564K [0x000000076d380000, 0x0000000796700000, 0x00000007c0000000)
  eden space 528896K, 100% used [0x000000076d380000,0x000000078d800000,0x000000078d800000)
  from space 28672K, 99% used [0x0000000790a80000,0x000000079267f030,0x0000000792680000)
  to   space 51712K, 0% used [0x000000078d800000,0x000000078d800000,0x0000000790a80000)
 ParOldGen       total 246784K, used 101394K [0x00000006c7a00000, 0x00000006d6b00000, 0x000000076d380000)
  object space 246784K, 41% used [0x00000006c7a00000,0x00000006cdd04b08,0x00000006d6b00000)
 Metaspace       used 64883K, capacity 65699K, committed 66176K, reserved 1107968K
  class space    used 7295K, capacity 7484K, committed 7552K, reserved 1048576K
Event: 24.768 GC heap after
Heap after GC invocations=14 (full 3):
 PSYoungGen      total 580608K, used 51700K [0x000000076d380000, 0x00000007a3200000, 0x00000007c0000000)
  eden space 528896K, 0% used [0x000000076d380000,0x000000076d380000,0x000000078d800000)
  from space 51712K, 99% used [0x000000078d800000,0x0000000790a7d168,0x0000000790a80000)
  to   space 82432K, 0% used [0x000000079e180000,0x000000079e180000,0x00000007a3200000)
 ParOldGen       total 246784K, used 162324K [0x00000006c7a00000, 0x00000006d6b00000, 0x000000076d380000)
  object space 246784K, 65% used [0x00000006c7a00000,0x00000006d1885258,0x00000006d6b00000)
 Metaspace       used 64883K, capacity 65699K, committed 66176K, reserved 1107968K
  class space    used 7295K, capacity 7484K, committed 7552K, reserved 1048576K
}
Event: 25.150 GC heap before
{Heap before GC invocations=15 (full 3):
 PSYoungGen      total 580608K, used 580596K [0x000000076d380000, 0x00000007a3200000, 0x00000007c0000000)
  eden space 528896K, 100% used [0x000000076d380000,0x000000078d800000,0x000000078d800000)
  from space 51712K, 99% used [0x000000078d800000,0x0000000790a7d168,0x0000000790a80000)
  to   space 82432K, 0% used [0x000000079e180000,0x000000079e180000,0x00000007a3200000)
 ParOldGen       total 246784K, used 162324K [0x00000006c7a00000, 0x00000006d6b00000, 0x000000076d380000)
  object space 246784K, 65% used [0x00000006c7a00000,0x00000006d1885258,0x00000006d6b00000)
 Metaspace       used 64903K, capacity 65767K, committed 66176K, reserved 1107968K
  class space    used 7295K, capacity 7484K, committed 7552K, reserved 1048576K
Event: 25.198 GC heap after
Heap after GC invocations=15 (full 3):
 PSYoungGen      total 794112K, used 63459K [0x000000076d380000, 0x00000007a5980000, 0x00000007c0000000)
  eden space 711680K, 0% used [0x000000076d380000,0x000000076d380000,0x0000000798a80000)
  from space 82432K, 76% used [0x000000079e180000,0x00000007a1f78d58,0x00000007a3200000)
  to   space 89088K, 0% used [0x0000000798a80000,0x0000000798a80000,0x000000079e180000)
 ParOldGen       total 246784K, used 177422K [0x00000006c7a00000, 0x00000006d6b00000, 0x000000076d380000)
  object space 246784K, 71% used [0x00000006c7a00000,0x00000006d27439a8,0x00000006d6b00000)
 Metaspace       used 64903K, capacity 65767K, committed 66176K, reserved 1107968K
  class space    used 7295K, capacity 7484K, committed 7552K, reserved 1048576K
}
Event: 25.343 GC heap before
{Heap before GC invocations=16 (full 3):
 PSYoungGen      total 794112K, used 775139K [0x000000076d380000, 0x00000007a5980000, 0x00000007c0000000)
  eden space 711680K, 100% used [0x000000076d380000,0x0000000798a80000,0x0000000798a80000)
  from space 82432K, 76% used [0x000000079e180000,0x00000007a1f78d58,0x00000007a3200000)
  to   space 89088K, 0% used [0x0000000798a80000,0x0000000798a80000,0x000000079e180000)
 ParOldGen       total 246784K, used 177422K [0x00000006c7a00000, 0x00000006d6b00000, 0x000000076d380000)
  object space 246784K, 71% used [0x00000006c7a00000,0x00000006d27439a8,0x00000006d6b00000)
 Metaspace       used 64944K, capacity 65831K, committed 66176K, reserved 1107968K
  class space    used 7296K, capacity 7484K, committed 7552K, reserved 1048576K
Event: 25.375 GC heap after
Heap after GC invocations=16 (full 3):
 PSYoungGen      total 800768K, used 20096K [0x000000076d380000, 0x00000007b7200000, 0x00000007c0000000)
  eden space 711680K, 0% used [0x000000076d380000,0x000000076d380000,0x0000000798a80000)
  from space 89088K, 22% used [0x0000000798a80000,0x0000000799e20000,0x000000079e180000)
  to   space 86016K, 0% used [0x00000007b1e00000,0x00000007b1e00000,0x00000007b7200000)
 ParOldGen       total 246784K, used 220897K [0x00000006c7a00000, 0x00000006d6b00000, 0x000000076d380000)
  object space 246784K, 89% used [0x00000006c7a00000,0x00000006d51b8700,0x00000006d6b00000)
 Metaspace       used 64944K, capacity 65831K, committed 66176K, reserved 1107968K
  class space    used 7296K, capacity 7484K, committed 7552K, reserved 1048576K
}
Event: 25.375 GC heap before
{Heap before GC invocations=17 (full 4):
 PSYoungGen      total 800768K, used 20096K [0x000000076d380000, 0x00000007b7200000, 0x00000007c0000000)
  eden space 711680K, 0% used [0x000000076d380000,0x000000076d380000,0x0000000798a80000)
  from space 89088K, 22% used [0x0000000798a80000,0x0000000799e20000,0x000000079e180000)
  to   space 86016K, 0% used [0x00000007b1e00000,0x00000007b1e00000,0x00000007b7200000)
 ParOldGen       total 246784K, used 220897K [0x00000006c7a00000, 0x00000006d6b00000, 0x000000076d380000)
  object space 246784K, 89% used [0x00000006c7a00000,0x00000006d51b8700,0x00000006d6b00000)
 Metaspace       used 64944K, capacity 65831K, committed 66176K, reserved 1107968K
  class space    used 7296K, capacity 7484K, committed 7552K, reserved 1048576K
Event: 25.686 GC heap after
Heap after GC invocations=17 (full 4):
 PSYoungGen      total 800768K, used 0K [0x000000076d380000, 0x00000007b7200000, 0x00000007c0000000)
  eden space 711680K, 0% used [0x000000076d380000,0x000000076d380000,0x0000000798a80000)
  from space 89088K, 0% used [0x0000000798a80000,0x0000000798a80000,0x000000079e180000)
  to   space 86016K, 0% used [0x00000007b1e00000,0x00000007b1e00000,0x00000007b7200000)
 ParOldGen       total 388096K, used 125157K [0x00000006c7a00000, 0x00000006df500000, 0x000000076d380000)
  object space 388096K, 32% used [0x00000006c7a00000,0x00000006cf439670,0x00000006df500000)
 Metaspace       used 64937K, capacity 65815K, committed 66176K, reserved 1107968K
  class space    used 7294K, capacity 7480K, committed 7552K, reserved 1048576K
}

