# JRE version: OpenJDK Runtime Environment (8.0_282-b08) (build 1.8.0_282-b08)
# Java VM: OpenJDK 64-Bit Server VM (25.282-b08 mixed mode linux-amd64 compressed oops)
Heap:
 PSYoungGen      total 1294848K, used 560503K [0x000000076d380000, 0x00000007c0000000, 0x00000007c0000000)
  eden space 1278464K, 42% used [0x000000076d380000,0x000000078e71aa80,0x00000007bb400000)
  from space 16384K, 98% used [0x00000007bb400000,0x00000007bc3c3470,0x00000007bc400000)
  to   space 41472K, 0% used [0x00000007bd780000,0x00000007bd780000,0x00000007c0000000)
 ParOldGen       total 2713088K, used 2443488K [0x00000006c7a00000, 0x000000076d380000, 0x000000076d380000)
  object space 2713088K, 90% used [0x00000006c7a00000,0x000000075cc38018,0x000000076d380000)
 Metaspace       used 76504K, capacity 77601K, committed 77952K, reserved 1118208K
  class space    used 8547K, capacity 8778K, committed 8832K, reserved 1048576K
GC Heap History (10 events):
Event: 115.099 GC heap before
{Heap before GC invocations=187 (full 10):
 PSYoungGen      total 1317376K, used 1312352K [0x000000076d380000, 0x00000007c0000000, 0x00000007c0000000)
  eden space 1278464K, 100% used [0x000000076d380000,0x00000007bb400000,0x00000007bb400000)
  from space 38912K, 87% used [0x00000007bda00000,0x00000007bfb18000,0x00000007c0000000)
  to   space 38912K, 0% used [0x00000007bb400000,0x00000007bb400000,0x00000007bda00000)
 ParOldGen       total 2713088K, used 2443224K [0x00000006c7a00000, 0x000000076d380000, 0x000000076d380000)
  object space 2713088K, 90% used [0x00000006c7a00000,0x000000075cbf6018,0x000000076d380000)
 Metaspace       used 76267K, capacity 77363K, committed 77696K, reserved 1118208K
  class space    used 8542K, capacity 8771K, committed 8832K, reserved 1048576K
Event: 115.114 GC heap after
Heap after GC invocations=187 (full 10):
 PSYoungGen      total 1313792K, used 35296K [0x000000076d380000, 0x00000007bff00000, 0x00000007c0000000)
  eden space 1278464K, 0% used [0x000000076d380000,0x000000076d380000,0x00000007bb400000)
  from space 35328K, 99% used [0x00000007bb400000,0x00000007bd678000,0x00000007bd680000)
  to   space 38400K, 0% used [0x00000007bd980000,0x00000007bd980000,0x00000007bff00000)
 ParOldGen       total 2713088K, used 2443272K [0x00000006c7a00000, 0x000000076d380000, 0x000000076d380000)
  object space 2713088K, 90% used [0x00000006c7a00000,0x000000075cc02018,0x000000076d380000)
 Metaspace       used 76267K, capacity 77363K, committed 77696K, reserved 1118208K
  class space    used 8542K, capacity 8771K, committed 8832K, reserved 1048576K
}
Event: 115.590 GC heap before
{Heap before GC invocations=188 (full 10):
 PSYoungGen      total 1313792K, used 1313760K [0x000000076d380000, 0x00000007bff00000, 0x00000007c0000000)
  eden space 1278464K, 100% used [0x000000076d380000,0x00000007bb400000,0x00000007bb400000)
  from space 35328K, 99% used [0x00000007bb400000,0x00000007bd678000,0x00000007bd680000)
  to   space 38400K, 0% used [0x00000007bd980000,0x00000007bd980000,0x00000007bff00000)
 ParOldGen       total 2713088K, used 2443272K [0x00000006c7a00000, 0x000000076d380000, 0x000000076d380000)
  object space 2713088K, 90% used [0x00000006c7a00000,0x000000075cc02018,0x000000076d380000)
 Metaspace       used 76267K, capacity 77363K, committed 77696K, reserved 1118208K
  class space    used 8542K, capacity 8771K, committed 8832K, reserved 1048576K
Event: 115.615 GC heap after
Heap after GC invocations=188 (full 10):
 PSYoungGen      total 1316352K, used 36448K [0x000000076d380000, 0x00000007c0000000, 0x00000007c0000000)
  eden space 1277952K, 0% used [0x000000076d380000,0x000000076d380000,0x00000007bb380000)
  from space 38400K, 94% used [0x00000007bd980000,0x00000007bfd18000,0x00000007bff00000)
  to   space 38912K, 0% used [0x00000007bb380000,0x00000007bb380000,0x00000007bd980000)
 ParOldGen       total 2713088K, used 2443320K [0x00000006c7a00000, 0x000000076d380000, 0x000000076d380000)
  object space 2713088K, 90% used [0x00000006c7a00000,0x000000075cc0e018,0x000000076d380000)
 Metaspace       used 76267K, capacity 77363K, committed 77696K, reserved 1118208K
  class space    used 8542K, capacity 8771K, committed 8832K, reserved 1048576K
}
Event: 116.133 GC heap before
{Heap before GC invocations=189 (full 10):
 PSYoungGen      total 1316352K, used 1314400K [0x000000076d380000, 0x00000007c0000000, 0x00000007c0000000)
  eden space 1277952K, 100% used [0x000000076d380000,0x00000007bb380000,0x00000007bb380000)
  from space 38400K, 94% used [0x00000007bd980000,0x00000007bfd18000,0x00000007bff00000)
  to   space 38912K, 0% used [0x00000007bb380000,0x00000007bb380000,0x00000007bd980000)
 ParOldGen       total 2713088K, used 2443320K [0x00000006c7a00000, 0x000000076d380000, 0x000000076d380000)
  object space 2713088K, 90% used [0x00000006c7a00000,0x000000075cc0e018,0x000000076d380000)
 Metaspace       used 76267K, capacity 77363K, committed 77696K, reserved 1118208K
  class space    used 8542K, capacity 8771K, committed 8832K, reserved 1048576K
Event: 116.148 GC heap after
Heap after GC invocations=189 (full 10):
 PSYoungGen      total 1316864K, used 36448K [0x000000076d380000, 0x00000007c0000000, 0x00000007c0000000)
  eden space 1277952K, 0% used [0x000000076d380000,0x000000076d380000,0x00000007bb380000)
  from space 38912K, 93% used [0x00000007bb380000,0x00000007bd718000,0x00000007bd980000)
  to   space 38912K, 0% used [0x00000007bda00000,0x00000007bda00000,0x00000007c0000000)
 ParOldGen       total 2713088K, used 2443376K [0x00000006c7a00000, 0x000000076d380000, 0x000000076d380000)
  object space 2713088K, 90% used [0x00000006c7a00000,0x000000075cc1c018,0x000000076d380000)
 Metaspace       used 76267K, capacity 77363K, committed 77696K, reserved 1118208K
  class space    used 8542K, capacity 8771K, committed 8832K, reserved 1048576K
}
Event: 116.633 GC heap before
{Heap before GC invocations=190 (full 10):
 PSYoungGen      total 1316864K, used 1314400K [0x000000076d380000, 0x00000007c0000000, 0x00000007c0000000)
  eden space 1277952K, 100% used [0x000000076d380000,0x00000007bb380000,0x00000007bb380000)
  from space 38912K, 93% used [0x00000007bb380000,0x00000007bd718000,0x00000007bd980000)
  to   space 38912K, 0% used [0x00000007bda00000,0x00000007bda00000,0x00000007c0000000)
 ParOldGen       total 2713088K, used 2443376K [0x00000006c7a00000, 0x000000076d380000, 0x000000076d380000)
  object space 2713088K, 90% used [0x00000006c7a00000,0x000000075cc1c018,0x000000076d380000)
 Metaspace       used 76267K, capacity 77363K, committed 77696K, reserved 1118208K
  class space    used 8542K, capacity 8771K, committed 8832K, reserved 1048576K
Event: 116.653 GC heap after
Heap after GC invocations=190 (full 10):
 PSYoungGen      total 1316352K, used 34688K [0x000000076d380000, 0x00000007bff00000, 0x00000007c0000000)
  eden space 1278464K, 0% used [0x000000076d380000,0x000000076d380000,0x00000007bb400000)
  from space 37888K, 91% used [0x00000007bda00000,0x00000007bfbe0000,0x00000007bff00000)
  to   space 38400K, 0% used [0x00000007bb400000,0x00000007bb400000,0x00000007bd980000)
 ParOldGen       total 2713088K, used 2443424K [0x00000006c7a00000, 0x000000076d380000, 0x000000076d380000)
  object space 2713088K, 90% used [0x00000006c7a00000,0x000000075cc28018,0x000000076d380000)
 Metaspace       used 76267K, capacity 77363K, committed 77696K, reserved 1118208K
  class space    used 8542K, capacity 8771K, committed 8832K, reserved 1048576K
}
Event: 117.166 GC heap before
{Heap before GC invocations=191 (full 10):
 PSYoungGen      total 1316352K, used 1313152K [0x000000076d380000, 0x00000007bff00000, 0x00000007c0000000)
  eden space 1278464K, 100% used [0x000000076d380000,0x00000007bb400000,0x00000007bb400000)
  from space 37888K, 91% used [0x00000007bda00000,0x00000007bfbe0000,0x00000007bff00000)
  to   space 38400K, 0% used [0x00000007bb400000,0x00000007bb400000,0x00000007bd980000)
 ParOldGen       total 2713088K, used 2443424K [0x00000006c7a00000, 0x000000076d380000, 0x000000076d380000)
  object space 2713088K, 90% used [0x00000006c7a00000,0x000000075cc28018,0x000000076d380000)
 Metaspace       used 76293K, capacity 77369K, committed 77696K, reserved 1118208K
  class space    used 8543K, capacity 8772K, committed 8832K, reserved 1048576K
Event: 117.178 GC heap after
Heap after GC invocations=191 (full 10):
 PSYoungGen      total 1294848K, used 16141K [0x000000076d380000, 0x00000007c0000000, 0x00000007c0000000)
  eden space 1278464K, 0% used [0x000000076d380000,0x000000076d380000,0x00000007bb400000)
  from space 16384K, 98% used [0x00000007bb400000,0x00000007bc3c3470,0x00000007bc400000)
  to   space 41472K, 0% used [0x00000007bd780000,0x00000007bd780000,0x00000007c0000000)
 ParOldGen       total 2713088K, used 2443488K [0x00000006c7a00000, 0x000000076d380000, 0x000000076d380000)
  object space 2713088K, 90% used [0x00000006c7a00000,0x000000075cc38018,0x000000076d380000)
 Metaspace       used 76293K, capacity 77369K, committed 77696K, reserved 1118208K
  class space    used 8543K, capacity 8772K, committed 8832K, reserved 1048576K
}

