# JRE version: OpenJDK Runtime Environment (8.0_282-b08) (build 1.8.0_282-b08)
# Java VM: OpenJDK 64-Bit Server VM (25.282-b08 mixed mode linux-amd64 compressed oops)
Heap:
 PSYoungGen      total 1171456K, used 265718K [0x000000076d380000, 0x00000007baa00000, 0x00000007c0000000)
  eden space 1142272K, 21% used [0x000000076d380000,0x000000077c46d340,0x00000007b2f00000)
  from space 29184K, 65% used [0x00000007b8d80000,0x00000007ba010748,0x00000007baa00000)
  to   space 62976K, 0% used [0x00000007b2f00000,0x00000007b2f00000,0x00000007b6c80000)
 ParOldGen       total 157184K, used 119241K [0x00000006c7a00000, 0x00000006d1380000, 0x000000076d380000)
  object space 157184K, 75% used [0x00000006c7a00000,0x00000006cee72418,0x00000006d1380000)
 Metaspace       used 68072K, capacity 69079K, committed 69248K, reserved 1110016K
  class space    used 7565K, capacity 7776K, committed 7808K, reserved 1048576K
GC Heap History (10 events):
Event: 10.938 GC heap before
{Heap before GC invocations=9 (full 2):
 PSYoungGen      total 487936K, used 349639K [0x000000076d380000, 0x000000078d380000, 0x00000007c0000000)
  eden space 473088K, 73% used [0x000000076d380000,0x00000007828f1c30,0x000000078a180000)
  from space 14848K, 0% used [0x000000078b380000,0x000000078b380000,0x000000078c200000)
  to   space 18432K, 0% used [0x000000078a180000,0x000000078a180000,0x000000078b380000)
 ParOldGen       total 110592K, used 27376K [0x00000006c7a00000, 0x00000006ce600000, 0x000000076d380000)
  object space 110592K, 24% used [0x00000006c7a00000,0x00000006c94bc2e8,0x00000006ce600000)
 Metaspace       used 58061K, capacity 58877K, committed 59160K, reserved 1101824K
  class space    used 6489K, capacity 6691K, committed 6784K, reserved 1048576K
Event: 10.970 GC heap after
Heap after GC invocations=9 (full 2):
 PSYoungGen      total 491520K, used 18427K [0x000000076d380000, 0x00000007a5100000, 0x00000007c0000000)
  eden space 473088K, 0% used [0x000000076d380000,0x000000076d380000,0x000000078a180000)
  from space 18432K, 99% used [0x000000078a180000,0x000000078b37ec08,0x000000078b380000)
  to   space 28672K, 0% used [0x00000007a3500000,0x00000007a3500000,0x00000007a5100000)
 ParOldGen       total 110592K, used 43225K [0x00000006c7a00000, 0x00000006ce600000, 0x000000076d380000)
  object space 110592K, 39% used [0x00000006c7a00000,0x00000006ca4365a0,0x00000006ce600000)
 Metaspace       used 58061K, capacity 58877K, committed 59160K, reserved 1101824K
  class space    used 6489K, capacity 6691K, committed 6784K, reserved 1048576K
}
Event: 10.970 GC heap before
{Heap before GC invocations=10 (full 3):
 PSYoungGen      total 491520K, used 18427K [0x000000076d380000, 0x00000007a5100000, 0x00000007c0000000)
  eden space 473088K, 0% used [0x000000076d380000,0x000000076d380000,0x000000078a180000)
  from space 18432K, 99% used [0x000000078a180000,0x000000078b37ec08,0x000000078b380000)
  to   space 28672K, 0% used [0x00000007a3500000,0x00000007a3500000,0x00000007a5100000)
 ParOldGen       total 110592K, used 43225K [0x00000006c7a00000, 0x00000006ce600000, 0x000000076d380000)
  object space 110592K, 39% used [0x00000006c7a00000,0x00000006ca4365a0,0x00000006ce600000)
 Metaspace       used 58061K, capacity 58877K, committed 59160K, reserved 1101824K
  class space    used 6489K, capacity 6691K, committed 6784K, reserved 1048576K
Event: 11.143 GC heap after
Heap after GC invocations=10 (full 3):
 PSYoungGen      total 491520K, used 0K [0x000000076d380000, 0x00000007a5100000, 0x00000007c0000000)
  eden space 473088K, 0% used [0x000000076d380000,0x000000076d380000,0x000000078a180000)
  from space 18432K, 0% used [0x000000078a180000,0x000000078a180000,0x000000078b380000)
  to   space 28672K, 0% used [0x00000007a3500000,0x00000007a3500000,0x00000007a5100000)
 ParOldGen       total 157184K, used 57635K [0x00000006c7a00000, 0x00000006d1380000, 0x000000076d380000)
  object space 157184K, 36% used [0x00000006c7a00000,0x00000006cb248dd0,0x00000006d1380000)
 Metaspace       used 58061K, capacity 58877K, committed 59160K, reserved 1101824K
  class space    used 6489K, capacity 6691K, committed 6784K, reserved 1048576K
}
Event: 16.801 GC heap before
{Heap before GC invocations=11 (full 3):
 PSYoungGen      total 491520K, used 473088K [0x000000076d380000, 0x00000007a5100000, 0x00000007c0000000)
  eden space 473088K, 100% used [0x000000076d380000,0x000000078a180000,0x000000078a180000)
  from space 18432K, 0% used [0x000000078a180000,0x000000078a180000,0x000000078b380000)
  to   space 28672K, 0% used [0x00000007a3500000,0x00000007a3500000,0x00000007a5100000)
 ParOldGen       total 157184K, used 57635K [0x00000006c7a00000, 0x00000006d1380000, 0x000000076d380000)
  object space 157184K, 36% used [0x00000006c7a00000,0x00000006cb248dd0,0x00000006d1380000)
 Metaspace       used 67239K, capacity 68143K, committed 68480K, reserved 1110016K
  class space    used 7536K, capacity 7730K, committed 7808K, reserved 1048576K
Event: 16.843 GC heap after
Heap after GC invocations=11 (full 3):
 PSYoungGen      total 857088K, used 28648K [0x000000076d380000, 0x00000007a5f80000, 0x00000007c0000000)
  eden space 828416K, 0% used [0x000000076d380000,0x000000076d380000,0x000000079fc80000)
  from space 28672K, 99% used [0x00000007a3500000,0x00000007a50fa280,0x00000007a5100000)
  to   space 50688K, 0% used [0x000000079fc80000,0x000000079fc80000,0x00000007a2e00000)
 ParOldGen       total 157184K, used 98833K [0x00000006c7a00000, 0x00000006d1380000, 0x000000076d380000)
  object space 157184K, 62% used [0x00000006c7a00000,0x00000006cda846f8,0x00000006d1380000)
 Metaspace       used 67239K, capacity 68143K, committed 68480K, reserved 1110016K
  class space    used 7536K, capacity 7730K, committed 7808K, reserved 1048576K
}
Event: 105.826 GC heap before
{Heap before GC invocations=12 (full 3):
 PSYoungGen      total 857088K, used 857064K [0x000000076d380000, 0x00000007a5f80000, 0x00000007c0000000)
  eden space 828416K, 100% used [0x000000076d380000,0x000000079fc80000,0x000000079fc80000)
  from space 28672K, 99% used [0x00000007a3500000,0x00000007a50fa280,0x00000007a5100000)
  to   space 50688K, 0% used [0x000000079fc80000,0x000000079fc80000,0x00000007a2e00000)
 ParOldGen       total 157184K, used 98833K [0x00000006c7a00000, 0x00000006d1380000, 0x000000076d380000)
  object space 157184K, 62% used [0x00000006c7a00000,0x00000006cda846f8,0x00000006d1380000)
 Metaspace       used 67551K, capacity 68467K, committed 68736K, reserved 1110016K
  class space    used 7543K, capacity 7738K, committed 7808K, reserved 1048576K
Event: 105.870 GC heap after
Heap after GC invocations=12 (full 3):
 PSYoungGen      total 879104K, used 50684K [0x000000076d380000, 0x00000007bcd80000, 0x00000007c0000000)
  eden space 828416K, 0% used [0x000000076d380000,0x000000076d380000,0x000000079fc80000)
  from space 50688K, 99% used [0x000000079fc80000,0x00000007a2dff330,0x00000007a2e00000)
  to   space 65536K, 0% used [0x00000007b8d80000,0x00000007b8d80000,0x00000007bcd80000)
 ParOldGen       total 157184K, used 113684K [0x00000006c7a00000, 0x00000006d1380000, 0x000000076d380000)
  object space 157184K, 72% used [0x00000006c7a00000,0x00000006ce905328,0x00000006d1380000)
 Metaspace       used 67551K, capacity 68467K, committed 68736K, reserved 1110016K
  class space    used 7543K, capacity 7738K, committed 7808K, reserved 1048576K
}
Event: 153.910 GC heap before
{Heap before GC invocations=13 (full 3):
 PSYoungGen      total 879104K, used 879100K [0x000000076d380000, 0x00000007bcd80000, 0x00000007c0000000)
  eden space 828416K, 100% used [0x000000076d380000,0x000000079fc80000,0x000000079fc80000)
  from space 50688K, 99% used [0x000000079fc80000,0x00000007a2dff330,0x00000007a2e00000)
  to   space 65536K, 0% used [0x00000007b8d80000,0x00000007b8d80000,0x00000007bcd80000)
 ParOldGen       total 157184K, used 113684K [0x00000006c7a00000, 0x00000006d1380000, 0x000000076d380000)
  object space 157184K, 72% used [0x00000006c7a00000,0x00000006ce905328,0x00000006d1380000)
 Metaspace       used 68007K, capacity 69003K, committed 69248K, reserved 1110016K
  class space    used 7564K, capacity 7774K, committed 7808K, reserved 1048576K
Event: 153.959 GC heap after
Heap after GC invocations=13 (full 3):
 PSYoungGen      total 1171456K, used 19009K [0x000000076d380000, 0x00000007baa00000, 0x00000007c0000000)
  eden space 1142272K, 0% used [0x000000076d380000,0x000000076d380000,0x00000007b2f00000)
  from space 29184K, 65% used [0x00000007b8d80000,0x00000007ba010748,0x00000007baa00000)
  to   space 62976K, 0% used [0x00000007b2f00000,0x00000007b2f00000,0x00000007b6c80000)
 ParOldGen       total 157184K, used 119241K [0x00000006c7a00000, 0x00000006d1380000, 0x000000076d380000)
  object space 157184K, 75% used [0x00000006c7a00000,0x00000006cee72418,0x00000006d1380000)
 Metaspace       used 68007K, capacity 69003K, committed 69248K, reserved 1110016K
  class space    used 7564K, capacity 7774K, committed 7808K, reserved 1048576K
}

