# JRE version: OpenJDK Runtime Environment (8.0_282-b08) (build 1.8.0_282-b08)
# Java VM: OpenJDK 64-Bit Server VM (25.282-b08 mixed mode linux-amd64 compressed oops)
Heap:
 PSYoungGen      total 450048K, used 405282K [0x000000076d380000, 0x000000078c880000, 0x00000007c0000000)
  eden space 414720K, 92% used [0x000000076d380000,0x00000007849fff10,0x0000000786880000)
  from space 35328K, 61% used [0x000000078a600000,0x000000078bb48960,0x000000078c880000)
  to   space 49152K, 0% used [0x0000000786880000,0x0000000786880000,0x0000000789880000)
 ParOldGen       total 289280K, used 93660K [0x00000006c7a00000, 0x00000006d9480000, 0x000000076d380000)
  object space 289280K, 32% used [0x00000006c7a00000,0x00000006cd577398,0x00000006d9480000)
 Metaspace       used 67759K, capacity 68731K, committed 68992K, reserved 1110016K
  class space    used 7555K, capacity 7752K, committed 7808K, reserved 1048576K
GC Heap History (10 events):
Event: 12.253 GC heap before
{Heap before GC invocations=11 (full 3):
 PSYoungGen      total 336384K, used 23547K [0x000000076d380000, 0x0000000783e80000, 0x00000007c0000000)
  eden space 312832K, 0% used [0x000000076d380000,0x000000076d380000,0x0000000780500000)
  from space 23552K, 99% used [0x0000000782780000,0x0000000783e7ed00,0x0000000783e80000)
  to   space 28672K, 0% used [0x0000000780680000,0x0000000780680000,0x0000000782280000)
 ParOldGen       total 198656K, used 36586K [0x00000006c7a00000, 0x00000006d3c00000, 0x000000076d380000)
  object space 198656K, 18% used [0x00000006c7a00000,0x00000006c9dbab48,0x00000006d3c00000)
 Metaspace       used 57848K, capacity 58681K, committed 59136K, reserved 1101824K
  class space    used 6453K, capacity 6627K, committed 6656K, reserved 1048576K
Event: 12.471 GC heap after
Heap after GC invocations=11 (full 3):
 PSYoungGen      total 336384K, used 0K [0x000000076d380000, 0x0000000783e80000, 0x00000007c0000000)
  eden space 312832K, 0% used [0x000000076d380000,0x000000076d380000,0x0000000780500000)
  from space 23552K, 0% used [0x0000000782780000,0x0000000782780000,0x0000000783e80000)
  to   space 28672K, 0% used [0x0000000780680000,0x0000000780680000,0x0000000782280000)
 ParOldGen       total 289280K, used 50786K [0x00000006c7a00000, 0x00000006d9480000, 0x000000076d380000)
  object space 289280K, 17% used [0x00000006c7a00000,0x00000006cab98a30,0x00000006d9480000)
 Metaspace       used 57848K, capacity 58681K, committed 59136K, reserved 1101824K
  class space    used 6453K, capacity 6627K, committed 6656K, reserved 1048576K
}
Event: 16.717 GC heap before
{Heap before GC invocations=12 (full 3):
 PSYoungGen      total 336384K, used 312832K [0x000000076d380000, 0x0000000783e80000, 0x00000007c0000000)
  eden space 312832K, 100% used [0x000000076d380000,0x0000000780500000,0x0000000780500000)
  from space 23552K, 0% used [0x0000000782780000,0x0000000782780000,0x0000000783e80000)
  to   space 28672K, 0% used [0x0000000780680000,0x0000000780680000,0x0000000782280000)
 ParOldGen       total 289280K, used 50786K [0x00000006c7a00000, 0x00000006d9480000, 0x000000076d380000)
  object space 289280K, 17% used [0x00000006c7a00000,0x00000006cab98a30,0x00000006d9480000)
 Metaspace       used 62761K, capacity 63607K, committed 63872K, reserved 1105920K
  class space    used 7104K, capacity 7296K, committed 7296K, reserved 1048576K
Event: 16.746 GC heap after
Heap after GC invocations=12 (full 3):
 PSYoungGen      total 343040K, used 28666K [0x000000076d380000, 0x0000000788d00000, 0x00000007c0000000)
  eden space 314368K, 0% used [0x000000076d380000,0x000000076d380000,0x0000000780680000)
  from space 28672K, 99% used [0x0000000780680000,0x000000078227e920,0x0000000782280000)
  to   space 39424K, 0% used [0x0000000786680000,0x0000000786680000,0x0000000788d00000)
 ParOldGen       total 289280K, used 67780K [0x00000006c7a00000, 0x00000006d9480000, 0x000000076d380000)
  object space 289280K, 23% used [0x00000006c7a00000,0x00000006cbc31318,0x00000006d9480000)
 Metaspace       used 62761K, capacity 63607K, committed 63872K, reserved 1105920K
  class space    used 7104K, capacity 7296K, committed 7296K, reserved 1048576K
}
Event: 33.792 GC heap before
{Heap before GC invocations=13 (full 3):
 PSYoungGen      total 343040K, used 343034K [0x000000076d380000, 0x0000000788d00000, 0x00000007c0000000)
  eden space 314368K, 100% used [0x000000076d380000,0x0000000780680000,0x0000000780680000)
  from space 28672K, 99% used [0x0000000780680000,0x000000078227e920,0x0000000782280000)
  to   space 39424K, 0% used [0x0000000786680000,0x0000000786680000,0x0000000788d00000)
 ParOldGen       total 289280K, used 67780K [0x00000006c7a00000, 0x00000006d9480000, 0x000000076d380000)
  object space 289280K, 23% used [0x00000006c7a00000,0x00000006cbc31318,0x00000006d9480000)
 Metaspace       used 66632K, capacity 67571K, committed 68096K, reserved 1110016K
  class space    used 7477K, capacity 7666K, committed 7680K, reserved 1048576K
Event: 33.819 GC heap after
Heap after GC invocations=13 (full 3):
 PSYoungGen      total 394240K, used 13649K [0x000000076d380000, 0x0000000788300000, 0x00000007c0000000)
  eden space 365056K, 0% used [0x000000076d380000,0x000000076d380000,0x0000000783800000)
  from space 29184K, 46% used [0x0000000786680000,0x00000007873d47c8,0x0000000788300000)
  to   space 38400K, 0% used [0x0000000783800000,0x0000000783800000,0x0000000785d80000)
 ParOldGen       total 289280K, used 67788K [0x00000006c7a00000, 0x00000006d9480000, 0x000000076d380000)
  object space 289280K, 23% used [0x00000006c7a00000,0x00000006cbc33318,0x00000006d9480000)
 Metaspace       used 66632K, capacity 67571K, committed 68096K, reserved 1110016K
  class space    used 7477K, capacity 7666K, committed 7680K, reserved 1048576K
}
Event: 38.543 GC heap before
{Heap before GC invocations=14 (full 3):
 PSYoungGen      total 394240K, used 378705K [0x000000076d380000, 0x0000000788300000, 0x00000007c0000000)
  eden space 365056K, 100% used [0x000000076d380000,0x0000000783800000,0x0000000783800000)
  from space 29184K, 46% used [0x0000000786680000,0x00000007873d47c8,0x0000000788300000)
  to   space 38400K, 0% used [0x0000000783800000,0x0000000783800000,0x0000000785d80000)
 ParOldGen       total 289280K, used 67788K [0x00000006c7a00000, 0x00000006d9480000, 0x000000076d380000)
  object space 289280K, 23% used [0x00000006c7a00000,0x00000006cbc33318,0x00000006d9480000)
 Metaspace       used 67439K, capacity 68327K, committed 68736K, reserved 1110016K
  class space    used 7548K, capacity 7740K, committed 7808K, reserved 1048576K
Event: 38.611 GC heap after
Heap after GC invocations=14 (full 3):
 PSYoungGen      total 403456K, used 38392K [0x000000076d380000, 0x000000078d900000, 0x00000007c0000000)
  eden space 365056K, 0% used [0x000000076d380000,0x000000076d380000,0x0000000783800000)
  from space 38400K, 99% used [0x0000000783800000,0x0000000785d7e0f0,0x0000000785d80000)
  to   space 52224K, 0% used [0x000000078a600000,0x000000078a600000,0x000000078d900000)
 ParOldGen       total 289280K, used 90127K [0x00000006c7a00000, 0x00000006d9480000, 0x000000076d380000)
  object space 289280K, 31% used [0x00000006c7a00000,0x00000006cd203f88,0x00000006d9480000)
 Metaspace       used 67439K, capacity 68327K, committed 68736K, reserved 1110016K
  class space    used 7548K, capacity 7740K, committed 7808K, reserved 1048576K
}
Event: 53.312 GC heap before
{Heap before GC invocations=15 (full 3):
 PSYoungGen      total 403456K, used 401382K [0x000000076d380000, 0x000000078d900000, 0x00000007c0000000)
  eden space 365056K, 99% used [0x000000076d380000,0x00000007835fb7c0,0x0000000783800000)
  from space 38400K, 99% used [0x0000000783800000,0x0000000785d7e0f0,0x0000000785d80000)
  to   space 52224K, 0% used [0x000000078a600000,0x000000078a600000,0x000000078d900000)
 ParOldGen       total 289280K, used 93652K [0x00000006c7a00000, 0x00000006d9480000, 0x000000076d380000)
  object space 289280K, 32% used [0x00000006c7a00000,0x00000006cd575398,0x00000006d9480000)
 Metaspace       used 67647K, capacity 68597K, committed 68992K, reserved 1110016K
  class space    used 7554K, capacity 7751K, committed 7808K, reserved 1048576K
Event: 53.324 GC heap after
Heap after GC invocations=15 (full 3):
 PSYoungGen      total 450048K, used 21794K [0x000000076d380000, 0x000000078c880000, 0x00000007c0000000)
  eden space 414720K, 0% used [0x000000076d380000,0x000000076d380000,0x0000000786880000)
  from space 35328K, 61% used [0x000000078a600000,0x000000078bb48960,0x000000078c880000)
  to   space 49152K, 0% used [0x0000000786880000,0x0000000786880000,0x0000000789880000)
 ParOldGen       total 289280K, used 93660K [0x00000006c7a00000, 0x00000006d9480000, 0x000000076d380000)
  object space 289280K, 32% used [0x00000006c7a00000,0x00000006cd577398,0x00000006d9480000)
 Metaspace       used 67647K, capacity 68597K, committed 68992K, reserved 1110016K
  class space    used 7554K, capacity 7751K, committed 7808K, reserved 1048576K
}

