# JRE version: OpenJDK Runtime Environment (8.0_282-b08) (build 1.8.0_282-b08)
# Java VM: OpenJDK 64-Bit Server VM (25.282-b08 mixed mode linux-amd64 compressed oops)
Heap:
 PSYoungGen      total 982016K, used 860948K [0x000000076d380000, 0x00000007ba900000, 0x00000007c0000000)
  eden space 885760K, 95% used [0x000000076d380000,0x00000007a0982298,0x00000007a3480000)
  from space 96256K, 19% used [0x00000007a3480000,0x00000007a4742fa8,0x00000007a9280000)
  to   space 93184K, 0% used [0x00000007b4e00000,0x00000007b4e00000,0x00000007ba900000)
 ParOldGen       total 512000K, used 248730K [0x00000006c7a00000, 0x00000006e6e00000, 0x000000076d380000)
  object space 512000K, 48% used [0x00000006c7a00000,0x00000006d6ce6810,0x00000006e6e00000)
 Metaspace       used 67828K, capacity 68751K, committed 69248K, reserved 1110016K
  class space    used 7545K, capacity 7740K, committed 7808K, reserved 1048576K
GC Heap History (10 events):
Event: 18.892 GC heap before
{Heap before GC invocations=15 (full 4):
 PSYoungGen      total 623104K, used 67572K [0x000000076d380000, 0x00000007a9080000, 0x00000007c0000000)
  eden space 555520K, 0% used [0x000000076d380000,0x000000076d380000,0x000000078f200000)
  from space 67584K, 99% used [0x000000078f200000,0x00000007933fd1f0,0x0000000793400000)
  to   space 101888K, 0% used [0x00000007a2d00000,0x00000007a2d00000,0x00000007a9080000)
 ParOldGen       total 234496K, used 190842K [0x00000006c7a00000, 0x00000006d5f00000, 0x000000076d380000)
  object space 234496K, 81% used [0x00000006c7a00000,0x00000006d345e888,0x00000006d5f00000)
 Metaspace       used 62940K, capacity 63827K, committed 64256K, reserved 1105920K
  class space    used 7103K, capacity 7300K, committed 7424K, reserved 1048576K
Event: 20.101 GC heap after
Heap after GC invocations=15 (full 4):
 PSYoungGen      total 623104K, used 14312K [0x000000076d380000, 0x00000007a9080000, 0x00000007c0000000)
  eden space 555520K, 0% used [0x000000076d380000,0x000000076d380000,0x000000078f200000)
  from space 67584K, 21% used [0x000000078f200000,0x000000078fffa3a8,0x0000000793400000)
  to   space 101888K, 0% used [0x00000007a2d00000,0x00000007a2d00000,0x00000007a9080000)
 ParOldGen       total 512000K, used 234268K [0x00000006c7a00000, 0x00000006e6e00000, 0x000000076d380000)
  object space 512000K, 45% used [0x00000006c7a00000,0x00000006d5ec7390,0x00000006e6e00000)
 Metaspace       used 62922K, capacity 63785K, committed 64256K, reserved 1105920K
  class space    used 7097K, capacity 7289K, committed 7424K, reserved 1048576K
}
Event: 20.274 GC heap before
{Heap before GC invocations=16 (full 4):
 PSYoungGen      total 623104K, used 569832K [0x000000076d380000, 0x00000007a9080000, 0x00000007c0000000)
  eden space 555520K, 100% used [0x000000076d380000,0x000000078f200000,0x000000078f200000)
  from space 67584K, 21% used [0x000000078f200000,0x000000078fffa3a8,0x0000000793400000)
  to   space 101888K, 0% used [0x00000007a2d00000,0x00000007a2d00000,0x00000007a9080000)
 ParOldGen       total 512000K, used 234268K [0x00000006c7a00000, 0x00000006e6e00000, 0x000000076d380000)
  object space 512000K, 45% used [0x00000006c7a00000,0x00000006d5ec7390,0x00000006e6e00000)
 Metaspace       used 62926K, capacity 63785K, committed 64256K, reserved 1105920K
  class space    used 7097K, capacity 7289K, committed 7424K, reserved 1048576K
Event: 20.315 GC heap after
Heap after GC invocations=16 (full 4):
 PSYoungGen      total 720896K, used 20064K [0x000000076d380000, 0x00000007a4100000, 0x00000007c0000000)
  eden space 700416K, 0% used [0x000000076d380000,0x000000076d380000,0x0000000797f80000)
  from space 20480K, 97% used [0x00000007a2d00000,0x00000007a4098000,0x00000007a4100000)
  to   space 98304K, 0% used [0x0000000798100000,0x0000000798100000,0x000000079e100000)
 ParOldGen       total 512000K, used 248673K [0x00000006c7a00000, 0x00000006e6e00000, 0x000000076d380000)
  object space 512000K, 48% used [0x00000006c7a00000,0x00000006d6cd87f0,0x00000006e6e00000)
 Metaspace       used 62926K, capacity 63785K, committed 64256K, reserved 1105920K
  class space    used 7097K, capacity 7289K, committed 7424K, reserved 1048576K
}
Event: 20.444 GC heap before
{Heap before GC invocations=17 (full 4):
 PSYoungGen      total 720896K, used 720480K [0x000000076d380000, 0x00000007a4100000, 0x00000007c0000000)
  eden space 700416K, 100% used [0x000000076d380000,0x0000000797f80000,0x0000000797f80000)
  from space 20480K, 97% used [0x00000007a2d00000,0x00000007a4098000,0x00000007a4100000)
  to   space 98304K, 0% used [0x0000000798100000,0x0000000798100000,0x000000079e100000)
 ParOldGen       total 512000K, used 248673K [0x00000006c7a00000, 0x00000006e6e00000, 0x000000076d380000)
  object space 512000K, 48% used [0x00000006c7a00000,0x00000006d6cd87f0,0x00000006e6e00000)
 Metaspace       used 62941K, capacity 63785K, committed 64256K, reserved 1105920K
  class space    used 7097K, capacity 7289K, committed 7424K, reserved 1048576K
Event: 20.460 GC heap after
Heap after GC invocations=17 (full 4):
 PSYoungGen      total 800256K, used 20096K [0x000000076d380000, 0x00000007b0780000, 0x00000007c0000000)
  eden space 701952K, 0% used [0x000000076d380000,0x000000076d380000,0x0000000798100000)
  from space 98304K, 20% used [0x0000000798100000,0x00000007994a0000,0x000000079e100000)
  to   space 94720K, 0% used [0x00000007aab00000,0x00000007aab00000,0x00000007b0780000)
 ParOldGen       total 512000K, used 248673K [0x00000006c7a00000, 0x00000006e6e00000, 0x000000076d380000)
  object space 512000K, 48% used [0x00000006c7a00000,0x00000006d6cd87f0,0x00000006e6e00000)
 Metaspace       used 62941K, capacity 63785K, committed 64256K, reserved 1105920K
  class space    used 7097K, capacity 7289K, committed 7424K, reserved 1048576K
}
Event: 36.324 GC heap before
{Heap before GC invocations=18 (full 4):
 PSYoungGen      total 800256K, used 722048K [0x000000076d380000, 0x00000007b0780000, 0x00000007c0000000)
  eden space 701952K, 100% used [0x000000076d380000,0x0000000798100000,0x0000000798100000)
  from space 98304K, 20% used [0x0000000798100000,0x00000007994a0000,0x000000079e100000)
  to   space 94720K, 0% used [0x00000007aab00000,0x00000007aab00000,0x00000007b0780000)
 ParOldGen       total 512000K, used 248673K [0x00000006c7a00000, 0x00000006e6e00000, 0x000000076d380000)
  object space 512000K, 48% used [0x00000006c7a00000,0x00000006d6cd87f0,0x00000006e6e00000)
 Metaspace       used 63059K, capacity 63937K, committed 64512K, reserved 1105920K
  class space    used 7098K, capacity 7291K, committed 7424K, reserved 1048576K
Event: 36.373 GC heap after
Heap after GC invocations=18 (full 4):
 PSYoungGen      total 956928K, used 55178K [0x000000076d380000, 0x00000007af080000, 0x00000007c0000000)
  eden space 885760K, 0% used [0x000000076d380000,0x000000076d380000,0x00000007a3480000)
  from space 71168K, 77% used [0x00000007aab00000,0x00000007ae0e2a70,0x00000007af080000)
  to   space 96256K, 0% used [0x00000007a3480000,0x00000007a3480000,0x00000007a9280000)
 ParOldGen       total 512000K, used 248721K [0x00000006c7a00000, 0x00000006e6e00000, 0x000000076d380000)
  object space 512000K, 48% used [0x00000006c7a00000,0x00000006d6ce47f0,0x00000006e6e00000)
 Metaspace       used 63059K, capacity 63937K, committed 64512K, reserved 1105920K
  class space    used 7098K, capacity 7291K, committed 7424K, reserved 1048576K
}
Event: 168.202 GC heap before
{Heap before GC invocations=19 (full 4):
 PSYoungGen      total 956928K, used 940938K [0x000000076d380000, 0x00000007af080000, 0x00000007c0000000)
  eden space 885760K, 100% used [0x000000076d380000,0x00000007a3480000,0x00000007a3480000)
  from space 71168K, 77% used [0x00000007aab00000,0x00000007ae0e2a70,0x00000007af080000)
  to   space 96256K, 0% used [0x00000007a3480000,0x00000007a3480000,0x00000007a9280000)
 ParOldGen       total 512000K, used 248722K [0x00000006c7a00000, 0x00000006e6e00000, 0x000000076d380000)
  object space 512000K, 48% used [0x00000006c7a00000,0x00000006d6ce4810,0x00000006e6e00000)
 Metaspace       used 67760K, capacity 68687K, committed 68992K, reserved 1110016K
  class space    used 7545K, capacity 7740K, committed 7808K, reserved 1048576K
Event: 168.215 GC heap after
Heap after GC invocations=19 (full 4):
 PSYoungGen      total 982016K, used 19211K [0x000000076d380000, 0x00000007ba900000, 0x00000007c0000000)
  eden space 885760K, 0% used [0x000000076d380000,0x000000076d380000,0x00000007a3480000)
  from space 96256K, 19% used [0x00000007a3480000,0x00000007a4742fa8,0x00000007a9280000)
  to   space 93184K, 0% used [0x00000007b4e00000,0x00000007b4e00000,0x00000007ba900000)
 ParOldGen       total 512000K, used 248730K [0x00000006c7a00000, 0x00000006e6e00000, 0x000000076d380000)
  object space 512000K, 48% used [0x00000006c7a00000,0x00000006d6ce6810,0x00000006e6e00000)
 Metaspace       used 67760K, capacity 68687K, committed 68992K, reserved 1110016K
  class space    used 7545K, capacity 7740K, committed 7808K, reserved 1048576K
}

